---------------------------------------------------------------
[ 2018-09-03T00:19:34+08:00 ] 106.14.104.214 GET /
[ info ] ztx.hfxyzq.cn/ [运行时间：0.112993s][吞吐率：8.85req/s] [内存消耗：5,348.52kb] [文件加载：86]
[ info ] [ CACHE ] INIT File
[ info ] [ BEHAVIOR ] Run cmf\behavior\InitHookBehavior @app_init [ RunTime:0.001776s ]
[ info ] [ LANG ] /www/web/ztx_hfxyzq_cn/public_html/simplewind/thinkphp/lang/zh-cn.php
[ info ] [ ROUTE ] array (
  'type' => 'module',
  'module' => 
  array (
    0 => '',
    1 => NULL,
    2 => NULL,
  ),
)
[ info ] [ HEADER ] array (
  'host' => 'ztx.hfxyzq.cn',
  'x-real-ip' => '106.14.104.214',
  'connection' => 'close',
)
[ info ] [ PARAM ] array (
)
[ info ] [ LANG ] /www/web/ztx_hfxyzq_cn/public_html/public/../simplewind/cmf/lang/zh-cn.php
[ info ] [ LANG ] /www/web/ztx_hfxyzq_cn/public_html/public/../app/admin/lang/zh-cn/common.php
[ info ] [ LANG ] /www/web/ztx_hfxyzq_cn/public_html/public/../app/portal/lang/zh-cn/common.php
[ info ] [ BEHAVIOR ] Run cmf\behavior\LangBehavior @app_begin [ RunTime:0.000369s ]
[ info ] [ LANG ] /www/web/ztx_hfxyzq_cn/public_html/public/../app/portal/lang/zh-cn.php
[ info ] [ DB ] INIT mysql
[ info ] [ LANG ] /www/web/ztx_hfxyzq_cn/public_html/public/../app/portal/lang/zh-cn/home.php
[ info ] [ BEHAVIOR ] Run cmf\behavior\HomeLangBehavior @home_init [ RunTime:0.000297s ]
[ info ] [ RUN ] app\portal\controller\IndexController->index[ /www/web/ztx_hfxyzq_cn/public_html/app/portal/controller/IndexController.php ]
[ info ] [ VIEW ] themes/simpleboot3/portal/index.html [ array (
  0 => 'site_info',
  1 => 'theme_vars',
  2 => 'theme_widgets',
) ]
[ info ] [ SESSION ] INIT array (
  'id' => '',
  'var_session_id' => '',
  'prefix' => 'think',
  'type' => '',
  'auto_start' => true,
)
[ info ] [ LOG ] INIT File
[ sql ] [ DB ] CONNECT:[ UseTime:0.000464s ] mysql:host=127.0.0.1;port=3306;dbname=ztx;charset=utf8mb4
[ sql ] [ SQL ] SHOW COLUMNS FROM `ztx_option` [ RunTime:0.000681s ]
[ sql ] [ SQL ] SELECT `option_value` FROM `ztx_option` WHERE  `option_name` = 'cdn_settings' LIMIT 1 [ RunTime:0.000252s ]
[ sql ] [ SQL ] SHOW COLUMNS FROM `ztx_theme_file` [ RunTime:0.000766s ]
[ sql ] [ SQL ] SELECT * FROM `ztx_theme_file` WHERE  `theme` = 'simpleboot3'  AND `file` = 'portal/article' LIMIT 1 [ RunTime:0.000357s ]
[ sql ] [ SQL ] UPDATE `ztx_theme_file`  SET `theme`='simpleboot3',`action`='portal/Article/index',`file`='portal/article',`name`='文章页',`more`='{\"vars\":{\"hot_articles_category_id\":{\"title\":\"Hot Articles\\u5206\\u7c7bID\",\"value\":\"1\",\"type\":\"text\",\"tip\":\"\",\"rule\":[]}}}',`config_more`='{\"vars\":{\"hot_articles_category_id\":{\"title\":\"Hot Articles\\u5206\\u7c7bID\",\"value\":\"1\",\"type\":\"text\",\"tip\":\"\",\"rule\":[]}}}',`description`='文章页模板文件',`is_public`=0,`list_order`=10  WHERE  `theme` = 'simpleboot3'  AND `file` = 'portal/article' [ RunTime:0.002902s ]
[ sql ] [ SQL ] SELECT * FROM `ztx_theme_file` WHERE  `theme` = 'simpleboot3'  AND `file` = 'portal/contact' LIMIT 1 [ RunTime:0.000268s ]
[ sql ] [ SQL ] UPDATE `ztx_theme_file`  SET `theme`='simpleboot3',`action`='portal/Page/index',`file`='portal/contact',`name`='联系我们页',`more`='{\"vars\":{\"baidu_map_info_window_text\":{\"title\":\"\\u767e\\u5ea6\\u5730\\u56fe\\u6807\\u6ce8\\u6587\\u5b57\",\"name\":\"baidu_map_info_window_text\",\"value\":\"ThinkCMF<br\\/><span class=\'\'>\\u5730\\u5740\\uff1a\\u4e0a\\u6d77\\u5e02\\u5f90\\u6c47\\u533a\\u659c\\u571f\\u8def2601\\u53f7<\\/span>\",\"type\":\"text\",\"tip\":\"\\u767e\\u5ea6\\u5730\\u56fe\\u6807\\u6ce8\\u6587\\u5b57,\\u652f\\u6301\\u7b80\\u5355html\\u4ee3\\u7801\",\"rule\":[]},\"company_location\":{\"title\":\"\\u516c\\u53f8\\u5750\\u6807\",\"value\":\"\",\"type\":\"location\",\"tip\":\"\",\"rule\":{\"require\":true}},\"address_cn\":{\"title\":\"\\u516c\\u53f8\\u5730\\u5740\",\"value\":\"\\u4e0a\\u6d77\\u5e02\\u5f90\\u6c47\\u533a\\u659c\\u571f\\u8def0001\\u53f7\",\"type\":\"text\",\"tip\":\"\",\"rule\":{\"require\":true}},\"address_en\":{\"title\":\"\\u516c\\u53f8\\u5730\\u5740\\uff08\\u82f1\\u6587\\uff09\",\"value\":\"NO.0001 Xie Tu Road, Shanghai China\",\"type\":\"text\",\"tip\":\"\",\"rule\":{\"require\":true}},\"email\":{\"title\":\"\\u516c\\u53f8\\u90ae\\u7bb1\",\"value\":\"catman@thinkcmf.com\",\"type\":\"text\",\"tip\":\"\",\"rule\":{\"require\":true}},\"phone_cn\":{\"title\":\"\\u516c\\u53f8\\u7535\\u8bdd\",\"value\":\"021 1000 0001\",\"type\":\"text\",\"tip\":\"\",\"rule\":{\"require\":true}},\"phone_en\":{\"title\":\"\\u516c\\u53f8\\u7535\\u8bdd\\uff08\\u82f1\\u6587\\uff09\",\"value\":\"+8621 1000 0001\",\"type\":\"text\",\"tip\":\"\",\"rule\":{\"require\":true}},\"qq\":{\"title\":\"\\u8054\\u7cfbQQ\",\"value\":\"478519726\",\"type\":\"text\",\"tip\":\"\\u591a\\u4e2a QQ\\u4ee5\\u82f1\\u6587\\u9017\\u53f7\\u9694\\u5f00\",\"rule\":{\"require\":true}}}}',`config_more`='{\"vars\":{\"baidu_map_info_window_text\":{\"title\":\"\\u767e\\u5ea6\\u5730\\u56fe\\u6807\\u6ce8\\u6587\\u5b57\",\"name\":\"baidu_map_info_window_text\",\"value\":\"ThinkCMF<br\\/><span class=\'\'>\\u5730\\u5740\\uff1a\\u4e0a\\u6d77\\u5e02\\u5f90\\u6c47\\u533a\\u659c\\u571f\\u8def2601\\u53f7<\\/span>\",\"type\":\"text\",\"tip\":\"\\u767e\\u5ea6\\u5730\\u56fe\\u6807\\u6ce8\\u6587\\u5b57,\\u652f\\u6301\\u7b80\\u5355html\\u4ee3\\u7801\",\"rule\":[]},\"company_location\":{\"title\":\"\\u516c\\u53f8\\u5750\\u6807\",\"value\":\"\",\"type\":\"location\",\"tip\":\"\",\"rule\":{\"require\":true}},\"address_cn\":{\"title\":\"\\u516c\\u53f8\\u5730\\u5740\",\"value\":\"\\u4e0a\\u6d77\\u5e02\\u5f90\\u6c47\\u533a\\u659c\\u571f\\u8def0001\\u53f7\",\"type\":\"text\",\"tip\":\"\",\"rule\":{\"require\":true}},\"address_en\":{\"title\":\"\\u516c\\u53f8\\u5730\\u5740\\uff08\\u82f1\\u6587\\uff09\",\"value\":\"NO.0001 Xie Tu Road, Shanghai China\",\"type\":\"text\",\"tip\":\"\",\"rule\":{\"require\":true}},\"email\":{\"title\":\"\\u516c\\u53f8\\u90ae\\u7bb1\",\"value\":\"catman@thinkcmf.com\",\"type\":\"text\",\"tip\":\"\",\"rule\":{\"require\":true}},\"phone_cn\":{\"title\":\"\\u516c\\u53f8\\u7535\\u8bdd\",\"value\":\"021 1000 0001\",\"type\":\"text\",\"tip\":\"\",\"rule\":{\"require\":true}},\"phone_en\":{\"title\":\"\\u516c\\u53f8\\u7535\\u8bdd\\uff08\\u82f1\\u6587\\uff09\",\"value\":\"+8621 1000 0001\",\"type\":\"text\",\"tip\":\"\",\"rule\":{\"require\":true}},\"qq\":{\"title\":\"\\u8054\\u7cfbQQ\",\"value\":\"478519726\",\"type\":\"text\",\"tip\":\"\\u591a\\u4e2a QQ\\u4ee5\\u82f1\\u6587\\u9017\\u53f7\\u9694\\u5f00\",\"rule\":{\"require\":true}}}}',`description`='联系我们页模板文件',`is_public`=0,`list_order`=10  WHERE  `theme` = 'simpleboot3'  AND `file` = 'portal/contact' [ RunTime:0.019199s ]
[ sql ] [ SQL ] SELECT * FROM `ztx_theme_file` WHERE  `theme` = 'simpleboot3'  AND `file` = 'portal/index' LIMIT 1 [ RunTime:0.000368s ]
[ sql ] [ SQL ] UPDATE `ztx_theme_file`  SET `theme`='simpleboot3',`action`='portal/Index/index',`file`='portal/index',`name`='首页',`more`='{\"vars\":{\"top_slide\":{\"title\":\"\\u9876\\u90e8\\u5e7b\\u706f\\u7247\",\"value\":\"\",\"type\":\"text\",\"dataSource\":{\"api\":\"admin\\/Slide\\/index\",\"multi\":false},\"placeholder\":\"\\u8bf7\\u9009\\u62e9\\u9876\\u90e8\\u5e7b\\u706f\\u7247\",\"tip\":\"\\u9876\\u90e8\\u5e7b\\u706f\\u7247\",\"rule\":{\"require\":true}}},\"widgets\":{\"features\":{\"title\":\"\\u5feb\\u901f\\u4e86\\u89e3ThinkCMF\",\"display\":\"1\",\"vars\":{\"sub_title\":{\"title\":\"\\u526f\\u6807\\u9898\",\"value\":\"Quickly understand the ThinkCMF\",\"type\":\"text\",\"placeholder\":\"\\u8bf7\\u8f93\\u5165\\u526f\\u6807\\u9898\",\"tip\":\"\",\"rule\":{\"require\":true}},\"features\":{\"title\":\"\\u7279\\u6027\\u4ecb\\u7ecd\",\"value\":[{\"title\":\"MVC\\u5206\\u5c42\\u6a21\\u5f0f\",\"icon\":\"bars\",\"content\":\"\\u4f7f\\u7528MVC\\u5e94\\u7528\\u7a0b\\u5e8f\\u88ab\\u5206\\u6210\\u4e09\\u4e2a\\u6838\\u5fc3\\u90e8\\u4ef6\\uff1a\\u6a21\\u578b\\uff08M\\uff09\\u3001\\u89c6\\u56fe\\uff08V\\uff09\\u3001\\u63a7\\u5236\\u5668\\uff08C\\uff09\\uff0c\\u4ed6\\u4e0d\\u662f\\u4e00\\u4e2a\\u65b0\\u7684\\u6982\\u5ff5\\uff0c\\u53ea\\u662fThinkCMF\\u5c06\\u5176\\u53d1\\u6325\\u5230\\u4e86\\u6781\\u81f4\\u3002\"},{\"title\":\"\\u7528\\u6237\\u7ba1\\u7406\",\"icon\":\"group\",\"content\":\"ThinkCMF\\u5185\\u7f6e\\u4e86\\u7075\\u6d3b\\u7684\\u7528\\u6237\\u7ba1\\u7406\\u65b9\\u5f0f\\uff0c\\u5e76\\u53ef\\u76f4\\u63a5\\u4e0e\\u7b2c\\u4e09\\u65b9\\u7ad9\\u70b9\\u8fdb\\u884c\\u4e92\\u8054\\u4e92\\u901a\\uff0c\\u5982\\u679c\\u4f60\\u613f\\u610f\\u751a\\u81f3\\u53ef\\u4ee5\\u5bf9\\u5355\\u4e2a\\u7528\\u6237\\u6216\\u7fa4\\u4f53\\u7528\\u6237\\u7684\\u884c\\u4e3a\\u8fdb\\u884c\\u8bb0\\u5f55\\u53ca\\u5206\\u4eab\\uff0c\\u4e3a\\u60a8\\u7684\\u8fd0\\u8425\\u51b3\\u7b56\\u63d0\\u4f9b\\u6709\\u6548\\u53c2\\u8003\\u6570\\u636e\\u3002\"},{\"title\":\"\\u4e91\\u7aef\\u90e8\\u7f72\",\"icon\":\"cloud\",\"content\":\"\\u901a\\u8fc7\\u9a71\\u52a8\\u7684\\u65b9\\u5f0f\\u53ef\\u4ee5\\u8f7b\\u677e\\u652f\\u6301\\u4e91\\u5e73\\u53f0\\u7684\\u90e8\\u7f72\\uff0c\\u8ba9\\u4f60\\u7684\\u7f51\\u7ad9\\u65e0\\u7f1d\\u8fc1\\u79fb\\uff0c\\u5185\\u7f6e\\u5df2\\u7ecf\\u652f\\u6301SAE\\u3001BAE\\uff0c\\u6b63\\u5f0f\\u7248\\u5c06\\u5bf9\\u4e91\\u7aef\\u90e8\\u7f72\\u8fdb\\u884c\\u8fdb\\u4e00\\u6b65\\u4f18\\u5316\\u3002\"},{\"title\":\"\\u5b89\\u5168\\u7b56\\u7565\",\"icon\":\"heart\",\"content\":\"\\u63d0\\u4f9b\\u7684\\u7a33\\u5065\\u7684\\u5b89\\u5168\\u7b56\\u7565\\uff0c\\u5305\\u62ec\\u5907\\u4efd\\u6062\\u590d\\uff0c\\u5bb9\\u9519\\uff0c\\u9632\\u6cbb\\u6076\\u610f\\u653b\\u51fb\\u767b\\u9646\\uff0c\\u7f51\\u9875\\u9632\\u7be1\\u6539\\u7b49\\u591a\\u9879\\u5b89\\u5168\\u7ba1\\u7406\\u529f\\u80fd\\uff0c\\u4fdd\\u8bc1\\u7cfb\\u7edf\\u5b89\\u5168\\uff0c\\u53ef\\u9760\\uff0c\\u7a33\\u5b9a\\u7684\\u8fd0\\u884c\\u3002\"},{\"title\":\"\\u5e94\\u7528\\u6a21\\u5757\\u5316\",\"icon\":\"cubes\",\"content\":\"\\u63d0\\u51fa\\u5168\\u65b0\\u7684\\u5e94\\u7528\\u6a21\\u5f0f\\u8fdb\\u884c\\u6269\\u5c55\\uff0c\\u4e0d\\u7ba1\\u662f\\u4f60\\u5f00\\u53d1\\u4e00\\u4e2a\\u5c0f\\u529f\\u80fd\\u8fd8\\u662f\\u4e00\\u4e2a\\u5168\\u65b0\\u7684\\u7ad9\\u70b9\\uff0c\\u5728ThinkCMF\\u4e2d\\u4f60\\u53ea\\u662f\\u589e\\u52a0\\u4e86\\u4e00\\u4e2aAPP\\uff0c\\u6bcf\\u4e2a\\u72ec\\u7acb\\u8fd0\\u884c\\u4e92\\u4e0d\\u5f71\\u54cd\\uff0c\\u4fbf\\u4e8e\\u7075\\u6d3b\\u6269\\u5c55\\u548c\\u4e8c\\u6b21\\u5f00\\u53d1\\u3002\"},{\"title\":\"\\u514d\\u8d39\\u5f00\\u6e90\",\"icon\":\"certificate\",\"content\":\"\\u4ee3\\u7801\\u9075\\u5faaApache2\\u5f00\\u6e90\\u534f\\u8bae\\uff0c\\u514d\\u8d39\\u4f7f\\u7528\\uff0c\\u5bf9\\u5546\\u4e1a\\u7528\\u6237\\u4e5f\\u65e0\\u4efb\\u4f55\\u9650\\u5236\\u3002\"}],\"type\":\"array\",\"item\":{\"title\":{\"title\":\"\\u6807\\u9898\",\"value\":\"\",\"type\":\"text\",\"rule\":{\"require\":true}},\"icon\":{\"title\":\"\\u56fe\\u6807\",\"value\":\"\",\"type\":\"text\"},\"content\":{\"title\":\"\\u63cf\\u8ff0\",\"value\":\"\",\"type\":\"textarea\"}},\"tip\":\"\"}}},\"last_news\":{\"title\":\"\\u6700\\u65b0\\u8d44\\u8baf\",\"display\":\"1\",\"vars\":{\"last_news_category_id\":{\"title\":\"\\u6587\\u7ae0\\u5206\\u7c7bID\",\"value\":\"\",\"type\":\"text\",\"dataSource\":{\"api\":\"portal\\/Category\\/index\",\"multi\":true},\"placeholder\":\"\\u8bf7\\u9009\\u62e9\\u5206\\u7c7b\",\"tip\":\"\",\"rule\":{\"require\":true}}}}}}',`config_more`='{\"vars\":{\"top_slide\":{\"title\":\"\\u9876\\u90e8\\u5e7b\\u706f\\u7247\",\"value\":\"\",\"type\":\"text\",\"dataSource\":{\"api\":\"admin\\/Slide\\/index\",\"multi\":false},\"placeholder\":\"\\u8bf7\\u9009\\u62e9\\u9876\\u90e8\\u5e7b\\u706f\\u7247\",\"tip\":\"\\u9876\\u90e8\\u5e7b\\u706f\\u7247\",\"rule\":{\"require\":true}}},\"widgets\":{\"features\":{\"title\":\"\\u5feb\\u901f\\u4e86\\u89e3ThinkCMF\",\"display\":\"1\",\"vars\":{\"sub_title\":{\"title\":\"\\u526f\\u6807\\u9898\",\"value\":\"Quickly understand the ThinkCMF\",\"type\":\"text\",\"placeholder\":\"\\u8bf7\\u8f93\\u5165\\u526f\\u6807\\u9898\",\"tip\":\"\",\"rule\":{\"require\":true}},\"features\":{\"title\":\"\\u7279\\u6027\\u4ecb\\u7ecd\",\"value\":[{\"title\":\"MVC\\u5206\\u5c42\\u6a21\\u5f0f\",\"icon\":\"bars\",\"content\":\"\\u4f7f\\u7528MVC\\u5e94\\u7528\\u7a0b\\u5e8f\\u88ab\\u5206\\u6210\\u4e09\\u4e2a\\u6838\\u5fc3\\u90e8\\u4ef6\\uff1a\\u6a21\\u578b\\uff08M\\uff09\\u3001\\u89c6\\u56fe\\uff08V\\uff09\\u3001\\u63a7\\u5236\\u5668\\uff08C\\uff09\\uff0c\\u4ed6\\u4e0d\\u662f\\u4e00\\u4e2a\\u65b0\\u7684\\u6982\\u5ff5\\uff0c\\u53ea\\u662fThinkCMF\\u5c06\\u5176\\u53d1\\u6325\\u5230\\u4e86\\u6781\\u81f4\\u3002\"},{\"title\":\"\\u7528\\u6237\\u7ba1\\u7406\",\"icon\":\"group\",\"content\":\"ThinkCMF\\u5185\\u7f6e\\u4e86\\u7075\\u6d3b\\u7684\\u7528\\u6237\\u7ba1\\u7406\\u65b9\\u5f0f\\uff0c\\u5e76\\u53ef\\u76f4\\u63a5\\u4e0e\\u7b2c\\u4e09\\u65b9\\u7ad9\\u70b9\\u8fdb\\u884c\\u4e92\\u8054\\u4e92\\u901a\\uff0c\\u5982\\u679c\\u4f60\\u613f\\u610f\\u751a\\u81f3\\u53ef\\u4ee5\\u5bf9\\u5355\\u4e2a\\u7528\\u6237\\u6216\\u7fa4\\u4f53\\u7528\\u6237\\u7684\\u884c\\u4e3a\\u8fdb\\u884c\\u8bb0\\u5f55\\u53ca\\u5206\\u4eab\\uff0c\\u4e3a\\u60a8\\u7684\\u8fd0\\u8425\\u51b3\\u7b56\\u63d0\\u4f9b\\u6709\\u6548\\u53c2\\u8003\\u6570\\u636e\\u3002\"},{\"title\":\"\\u4e91\\u7aef\\u90e8\\u7f72\",\"icon\":\"cloud\",\"content\":\"\\u901a\\u8fc7\\u9a71\\u52a8\\u7684\\u65b9\\u5f0f\\u53ef\\u4ee5\\u8f7b\\u677e\\u652f\\u6301\\u4e91\\u5e73\\u53f0\\u7684\\u90e8\\u7f72\\uff0c\\u8ba9\\u4f60\\u7684\\u7f51\\u7ad9\\u65e0\\u7f1d\\u8fc1\\u79fb\\uff0c\\u5185\\u7f6e\\u5df2\\u7ecf\\u652f\\u6301SAE\\u3001BAE\\uff0c\\u6b63\\u5f0f\\u7248\\u5c06\\u5bf9\\u4e91\\u7aef\\u90e8\\u7f72\\u8fdb\\u884c\\u8fdb\\u4e00\\u6b65\\u4f18\\u5316\\u3002\"},{\"title\":\"\\u5b89\\u5168\\u7b56\\u7565\",\"icon\":\"heart\",\"content\":\"\\u63d0\\u4f9b\\u7684\\u7a33\\u5065\\u7684\\u5b89\\u5168\\u7b56\\u7565\\uff0c\\u5305\\u62ec\\u5907\\u4efd\\u6062\\u590d\\uff0c\\u5bb9\\u9519\\uff0c\\u9632\\u6cbb\\u6076\\u610f\\u653b\\u51fb\\u767b\\u9646\\uff0c\\u7f51\\u9875\\u9632\\u7be1\\u6539\\u7b49\\u591a\\u9879\\u5b89\\u5168\\u7ba1\\u7406\\u529f\\u80fd\\uff0c\\u4fdd\\u8bc1\\u7cfb\\u7edf\\u5b89\\u5168\\uff0c\\u53ef\\u9760\\uff0c\\u7a33\\u5b9a\\u7684\\u8fd0\\u884c\\u3002\"},{\"title\":\"\\u5e94\\u7528\\u6a21\\u5757\\u5316\",\"icon\":\"cubes\",\"content\":\"\\u63d0\\u51fa\\u5168\\u65b0\\u7684\\u5e94\\u7528\\u6a21\\u5f0f\\u8fdb\\u884c\\u6269\\u5c55\\uff0c\\u4e0d\\u7ba1\\u662f\\u4f60\\u5f00\\u53d1\\u4e00\\u4e2a\\u5c0f\\u529f\\u80fd\\u8fd8\\u662f\\u4e00\\u4e2a\\u5168\\u65b0\\u7684\\u7ad9\\u70b9\\uff0c\\u5728ThinkCMF\\u4e2d\\u4f60\\u53ea\\u662f\\u589e\\u52a0\\u4e86\\u4e00\\u4e2aAPP\\uff0c\\u6bcf\\u4e2a\\u72ec\\u7acb\\u8fd0\\u884c\\u4e92\\u4e0d\\u5f71\\u54cd\\uff0c\\u4fbf\\u4e8e\\u7075\\u6d3b\\u6269\\u5c55\\u548c\\u4e8c\\u6b21\\u5f00\\u53d1\\u3002\"},{\"title\":\"\\u514d\\u8d39\\u5f00\\u6e90\",\"icon\":\"certificate\",\"content\":\"\\u4ee3\\u7801\\u9075\\u5faaApache2\\u5f00\\u6e90\\u534f\\u8bae\\uff0c\\u514d\\u8d39\\u4f7f\\u7528\\uff0c\\u5bf9\\u5546\\u4e1a\\u7528\\u6237\\u4e5f\\u65e0\\u4efb\\u4f55\\u9650\\u5236\\u3002\"}],\"type\":\"array\",\"item\":{\"title\":{\"title\":\"\\u6807\\u9898\",\"value\":\"\",\"type\":\"text\",\"rule\":{\"require\":true}},\"icon\":{\"title\":\"\\u56fe\\u6807\",\"value\":\"\",\"type\":\"text\"},\"content\":{\"title\":\"\\u63cf\\u8ff0\",\"value\":\"\",\"type\":\"textarea\"}},\"tip\":\"\"}}},\"last_news\":{\"title\":\"\\u6700\\u65b0\\u8d44\\u8baf\",\"display\":\"1\",\"vars\":{\"last_news_category_id\":{\"title\":\"\\u6587\\u7ae0\\u5206\\u7c7bID\",\"value\":\"\",\"type\":\"text\",\"dataSource\":{\"api\":\"portal\\/Category\\/index\",\"multi\":true},\"placeholder\":\"\\u8bf7\\u9009\\u62e9\\u5206\\u7c7b\",\"tip\":\"\",\"rule\":{\"require\":true}}}}}}',`description`='首页模板文件',`is_public`=0,`list_order`=5  WHERE  `theme` = 'simpleboot3'  AND `file` = 'portal/index' [ RunTime:0.002215s ]
[ sql ] [ SQL ] SELECT * FROM `ztx_theme_file` WHERE  `theme` = 'simpleboot3'  AND `file` = 'portal/list' LIMIT 1 [ RunTime:0.000278s ]
[ sql ] [ SQL ] UPDATE `ztx_theme_file`  SET `theme`='simpleboot3',`action`='portal/List/index',`file`='portal/list',`name`='文章列表页',`more`='{\"vars\":[],\"widgets\":{\"hottest_articles\":{\"title\":\"\\u70ed\\u95e8\\u6587\\u7ae0\",\"display\":\"1\",\"vars\":{\"hottest_articles_category_id\":{\"title\":\"\\u6587\\u7ae0\\u5206\\u7c7bID\",\"value\":\"\",\"type\":\"text\",\"dataSource\":{\"api\":\"portal\\/category\\/index\",\"multi\":true},\"placeholder\":\"\\u8bf7\\u9009\\u62e9\\u5206\\u7c7b\",\"tip\":\"\",\"rule\":{\"require\":true}}}},\"last_articles\":{\"title\":\"\\u6700\\u65b0\\u53d1\\u5e03\",\"display\":\"1\",\"vars\":{\"last_articles_category_id\":{\"title\":\"\\u6587\\u7ae0\\u5206\\u7c7bID\",\"value\":\"\",\"type\":\"text\",\"dataSource\":{\"api\":\"portal\\/category\\/index\",\"multi\":true},\"placeholder\":\"\\u8bf7\\u9009\\u62e9\\u5206\\u7c7b\",\"tip\":\"\",\"rule\":{\"require\":true}}}}}}',`config_more`='{\"vars\":[],\"widgets\":{\"hottest_articles\":{\"title\":\"\\u70ed\\u95e8\\u6587\\u7ae0\",\"display\":\"1\",\"vars\":{\"hottest_articles_category_id\":{\"title\":\"\\u6587\\u7ae0\\u5206\\u7c7bID\",\"value\":\"\",\"type\":\"text\",\"dataSource\":{\"api\":\"portal\\/category\\/index\",\"multi\":true},\"placeholder\":\"\\u8bf7\\u9009\\u62e9\\u5206\\u7c7b\",\"tip\":\"\",\"rule\":{\"require\":true}}}},\"last_articles\":{\"title\":\"\\u6700\\u65b0\\u53d1\\u5e03\",\"display\":\"1\",\"vars\":{\"last_articles_category_id\":{\"title\":\"\\u6587\\u7ae0\\u5206\\u7c7bID\",\"value\":\"\",\"type\":\"text\",\"dataSource\":{\"api\":\"portal\\/category\\/index\",\"multi\":true},\"placeholder\":\"\\u8bf7\\u9009\\u62e9\\u5206\\u7c7b\",\"tip\":\"\",\"rule\":{\"require\":true}}}}}}',`description`='文章列表模板文件',`is_public`=0,`list_order`=10  WHERE  `theme` = 'simpleboot3'  AND `file` = 'portal/list' [ RunTime:0.002007s ]
[ sql ] [ SQL ] SELECT * FROM `ztx_theme_file` WHERE  `theme` = 'simpleboot3'  AND `file` = 'portal/page' LIMIT 1 [ RunTime:0.000232s ]
[ sql ] [ SQL ] UPDATE `ztx_theme_file`  SET `theme`='simpleboot3',`action`='portal/Page/index',`file`='portal/page',`name`='单页面',`more`='{\"widgets\":{\"hottest_articles\":{\"title\":\"\\u70ed\\u95e8\\u6587\\u7ae0\",\"display\":\"1\",\"vars\":{\"hottest_articles_category_id\":{\"title\":\"\\u6587\\u7ae0\\u5206\\u7c7bID\",\"value\":\"\",\"type\":\"text\",\"dataSource\":{\"api\":\"portal\\/category\\/index\",\"multi\":true},\"placeholder\":\"\\u8bf7\\u9009\\u62e9\\u5206\\u7c7b\",\"tip\":\"\",\"rule\":{\"require\":true}}}},\"last_articles\":{\"title\":\"\\u6700\\u65b0\\u53d1\\u5e03\",\"display\":\"1\",\"vars\":{\"last_articles_category_id\":{\"title\":\"\\u6587\\u7ae0\\u5206\\u7c7bID\",\"value\":\"\",\"type\":\"text\",\"dataSource\":{\"api\":\"portal\\/category\\/index\",\"multi\":true},\"placeholder\":\"\\u8bf7\\u9009\\u62e9\\u5206\\u7c7b\",\"tip\":\"\",\"rule\":{\"require\":true}}}}}}',`config_more`='{\"widgets\":{\"hottest_articles\":{\"title\":\"\\u70ed\\u95e8\\u6587\\u7ae0\",\"display\":\"1\",\"vars\":{\"hottest_articles_category_id\":{\"title\":\"\\u6587\\u7ae0\\u5206\\u7c7bID\",\"value\":\"\",\"type\":\"text\",\"dataSource\":{\"api\":\"portal\\/category\\/index\",\"multi\":true},\"placeholder\":\"\\u8bf7\\u9009\\u62e9\\u5206\\u7c7b\",\"tip\":\"\",\"rule\":{\"require\":true}}}},\"last_articles\":{\"title\":\"\\u6700\\u65b0\\u53d1\\u5e03\",\"display\":\"1\",\"vars\":{\"last_articles_category_id\":{\"title\":\"\\u6587\\u7ae0\\u5206\\u7c7bID\",\"value\":\"\",\"type\":\"text\",\"dataSource\":{\"api\":\"portal\\/category\\/index\",\"multi\":true},\"placeholder\":\"\\u8bf7\\u9009\\u62e9\\u5206\\u7c7b\",\"tip\":\"\",\"rule\":{\"require\":true}}}}}}',`description`='单页面模板文件',`is_public`=0,`list_order`=10  WHERE  `theme` = 'simpleboot3'  AND `file` = 'portal/page' [ RunTime:0.002024s ]
[ sql ] [ SQL ] SELECT * FROM `ztx_theme_file` WHERE  `theme` = 'simpleboot3'  AND `file` = 'portal/search' LIMIT 1 [ RunTime:0.000212s ]
[ sql ] [ SQL ] UPDATE `ztx_theme_file`  SET `theme`='simpleboot3',`action`='portal/search/index',`file`='portal/search',`name`='搜索页面',`more`='{\"vars\":{\"varName1\":{\"title\":\"\\u70ed\\u95e8\\u641c\\u7d22\",\"value\":\"1\",\"type\":\"text\",\"tip\":\"\\u8fd9\\u662f\\u4e00\\u4e2atext\",\"rule\":{\"require\":true}}}}',`config_more`='{\"vars\":{\"varName1\":{\"title\":\"\\u70ed\\u95e8\\u641c\\u7d22\",\"value\":\"1\",\"type\":\"text\",\"tip\":\"\\u8fd9\\u662f\\u4e00\\u4e2atext\",\"rule\":{\"require\":true}}}}',`description`='搜索模板文件',`is_public`=0,`list_order`=10  WHERE  `theme` = 'simpleboot3'  AND `file` = 'portal/search' [ RunTime:0.002594s ]
[ sql ] [ SQL ] SELECT * FROM `ztx_theme_file` WHERE  `theme` = 'simpleboot3'  AND `file` = 'public/config' LIMIT 1 [ RunTime:0.000378s ]
[ sql ] [ SQL ] UPDATE `ztx_theme_file`  SET `theme`='simpleboot3',`action`='public/Config',`file`='public/config',`name`='模板全局配置',`more`='{\"vars\":{\"enable_mobile\":{\"title\":\"\\u624b\\u673a\\u6ce8\\u518c\",\"value\":1,\"type\":\"select\",\"options\":{\"1\":\"\\u5f00\\u542f\",\"0\":\"\\u5173\\u95ed\"},\"tip\":\"\"}}}',`config_more`='{\"vars\":{\"enable_mobile\":{\"title\":\"\\u624b\\u673a\\u6ce8\\u518c\",\"value\":1,\"type\":\"select\",\"options\":{\"1\":\"\\u5f00\\u542f\",\"0\":\"\\u5173\\u95ed\"},\"tip\":\"\"}}}',`description`='模板全局配置文件',`is_public`=1,`list_order`=0  WHERE  `theme` = 'simpleboot3'  AND `file` = 'public/config' [ RunTime:0.004781s ]
[ sql ] [ SQL ] SELECT * FROM `ztx_theme_file` WHERE  `theme` = 'simpleboot3'  AND `file` = 'public/nav' LIMIT 1 [ RunTime:0.000374s ]
[ sql ] [ SQL ] UPDATE `ztx_theme_file`  SET `theme`='simpleboot3',`action`='public/Nav',`file`='public/nav',`name`='导航条',`more`='{\"vars\":{\"company_name\":{\"title\":\"\\u516c\\u53f8\\u540d\\u79f0\",\"name\":\"company_name\",\"value\":\"ThinkCMF\",\"type\":\"text\",\"tip\":\"\",\"rule\":[]}}}',`config_more`='{\"vars\":{\"company_name\":{\"title\":\"\\u516c\\u53f8\\u540d\\u79f0\",\"name\":\"company_name\",\"value\":\"ThinkCMF\",\"type\":\"text\",\"tip\":\"\",\"rule\":[]}}}',`description`='导航条模板文件',`is_public`=1,`list_order`=1  WHERE  `theme` = 'simpleboot3'  AND `file` = 'public/nav' [ RunTime:0.002637s ]
[ sql ] [ SQL ] SELECT * FROM `ztx_theme_file` WHERE  `theme` = 'simpleboot3' [ RunTime:0.000233s ]
[ sql ] [ SQL ] SHOW COLUMNS FROM `ztx_theme` [ RunTime:0.000739s ]
[ sql ] [ SQL ] UPDATE `ztx_theme`  SET `name`='simpleboot3',`version`='1.0.2',`demo_url`='http://demo.thinkcmf.com',`author`='ThinkCMF',`lang`='zh-cn',`author_url`='http://www.thinkcmf.com',`keywords`='ThinkCMF模板',`description`='ThinkCMF默认模板'  WHERE  `theme` = 'simpleboot3' [ RunTime:0.002419s ]
[ sql ] [ SQL ] SELECT `more` FROM `ztx_theme_file` WHERE  `theme` = 'simpleboot3'  AND (  `is_public` = 1 OR `file` = 'portal/index' ) [ RunTime:0.000236s ]
[ sql ] [ SQL ] SHOW COLUMNS FROM `ztx_nav` [ RunTime:0.000806s ]
[ sql ] [ SQL ] SELECT `id` FROM `ztx_nav` WHERE  `is_main` = 1 LIMIT 1 [ RunTime:0.000236s ]
[ sql ] [ SQL ] SHOW COLUMNS FROM `ztx_nav_menu` [ RunTime:0.000643s ]
[ sql ] [ SQL ] SELECT * FROM `ztx_nav_menu` WHERE  `nav_id` = 1  AND `status` = 1 ORDER BY `list_order` ASC [ RunTime:0.000199s ]
[ sql ] [ SQL ] SHOW COLUMNS FROM `ztx_slide` [ RunTime:0.000681s ]
[ sql ] [ SQL ] SELECT COUNT(*) AS tp_count FROM `ztx_slide` WHERE  `id` = 1  AND `status` = 1  AND `delete_time` = 0 LIMIT 1 [ RunTime:0.000250s ]
[ sql ] [ SQL ] SHOW COLUMNS FROM `ztx_portal_post` [ RunTime:0.000759s ]
[ sql ] [ SQL ] SELECT post.*,min(category_post.category_id) as category_id FROM `ztx_portal_post` `post` INNER JOIN `ztx_portal_category_post` `category_post` ON `post`.`id`=`category_post`.`post_id` WHERE  ( `post`.`published_time` >  '0' AND `post`.`published_time` < 1535905174 )  AND `post`.`post_status` = 1  AND `post`.`post_type` = 1  AND `post`.`delete_time` = 0  AND `category_post`.`category_id` = '1' GROUP BY `post`.`id` ORDER BY `post`.`published_time` DESC LIMIT 4 [ RunTime:0.000801s ]
[ sql ] [ SQL ] SHOW COLUMNS FROM `ztx_link` [ RunTime:0.000571s ]
[ sql ] [ SQL ] SELECT * FROM `ztx_link` WHERE  `status` = 1 ORDER BY `list_order` ASC [ RunTime:0.000189s ]
---------------------------------------------------------------
[ 2018-09-03T02:57:09+08:00 ] 140.205.205.25 HEAD /
[ info ] ztx.hfxyzq.cn/ [运行时间：0.082522s][吞吐率：12.12req/s] [内存消耗：5,348.77kb] [文件加载：86]
[ info ] [ CACHE ] INIT File
[ info ] [ BEHAVIOR ] Run cmf\behavior\InitHookBehavior @app_init [ RunTime:0.001440s ]
[ info ] [ LANG ] /www/web/ztx_hfxyzq_cn/public_html/simplewind/thinkphp/lang/zh-cn.php
[ info ] [ ROUTE ] array (
  'type' => 'module',
  'module' => 
  array (
    0 => '',
    1 => NULL,
    2 => NULL,
  ),
)
[ info ] [ HEADER ] array (
  'host' => 'ztx.hfxyzq.cn',
  'x-real-ip' => '140.205.205.25',
  'connection' => 'close',
  'user-agent' => 'Go-http-client/1.1',
)
[ info ] [ PARAM ] array (
)
[ info ] [ LANG ] /www/web/ztx_hfxyzq_cn/public_html/public/../simplewind/cmf/lang/zh-cn.php
[ info ] [ LANG ] /www/web/ztx_hfxyzq_cn/public_html/public/../app/admin/lang/zh-cn/common.php
[ info ] [ LANG ] /www/web/ztx_hfxyzq_cn/public_html/public/../app/portal/lang/zh-cn/common.php
[ info ] [ BEHAVIOR ] Run cmf\behavior\LangBehavior @app_begin [ RunTime:0.000338s ]
[ info ] [ LANG ] /www/web/ztx_hfxyzq_cn/public_html/public/../app/portal/lang/zh-cn.php
[ info ] [ DB ] INIT mysql
[ info ] [ LANG ] /www/web/ztx_hfxyzq_cn/public_html/public/../app/portal/lang/zh-cn/home.php
[ info ] [ BEHAVIOR ] Run cmf\behavior\HomeLangBehavior @home_init [ RunTime:0.000207s ]
[ info ] [ RUN ] app\portal\controller\IndexController->index[ /www/web/ztx_hfxyzq_cn/public_html/app/portal/controller/IndexController.php ]
[ info ] [ VIEW ] themes/simpleboot3/portal/index.html [ array (
  0 => 'site_info',
  1 => 'theme_vars',
  2 => 'theme_widgets',
) ]
[ info ] [ SESSION ] INIT array (
  'id' => '',
  'var_session_id' => '',
  'prefix' => 'think',
  'type' => '',
  'auto_start' => true,
)
[ info ] [ LOG ] INIT File
[ sql ] [ DB ] CONNECT:[ UseTime:0.000456s ] mysql:host=127.0.0.1;port=3306;dbname=ztx;charset=utf8mb4
[ sql ] [ SQL ] SHOW COLUMNS FROM `ztx_option` [ RunTime:0.000656s ]
[ sql ] [ SQL ] SELECT `option_value` FROM `ztx_option` WHERE  `option_name` = 'cdn_settings' LIMIT 1 [ RunTime:0.000200s ]
[ sql ] [ SQL ] SHOW COLUMNS FROM `ztx_theme_file` [ RunTime:0.000674s ]
[ sql ] [ SQL ] SELECT * FROM `ztx_theme_file` WHERE  `theme` = 'simpleboot3'  AND `file` = 'portal/article' LIMIT 1 [ RunTime:0.000260s ]
[ sql ] [ SQL ] UPDATE `ztx_theme_file`  SET `theme`='simpleboot3',`action`='portal/Article/index',`file`='portal/article',`name`='文章页',`more`='{\"vars\":{\"hot_articles_category_id\":{\"title\":\"Hot Articles\\u5206\\u7c7bID\",\"value\":\"1\",\"type\":\"text\",\"tip\":\"\",\"rule\":[]}}}',`config_more`='{\"vars\":{\"hot_articles_category_id\":{\"title\":\"Hot Articles\\u5206\\u7c7bID\",\"value\":\"1\",\"type\":\"text\",\"tip\":\"\",\"rule\":[]}}}',`description`='文章页模板文件',`is_public`=0,`list_order`=10  WHERE  `theme` = 'simpleboot3'  AND `file` = 'portal/article' [ RunTime:0.002991s ]
[ sql ] [ SQL ] SELECT * FROM `ztx_theme_file` WHERE  `theme` = 'simpleboot3'  AND `file` = 'portal/contact' LIMIT 1 [ RunTime:0.000235s ]
[ sql ] [ SQL ] UPDATE `ztx_theme_file`  SET `theme`='simpleboot3',`action`='portal/Page/index',`file`='portal/contact',`name`='联系我们页',`more`='{\"vars\":{\"baidu_map_info_window_text\":{\"title\":\"\\u767e\\u5ea6\\u5730\\u56fe\\u6807\\u6ce8\\u6587\\u5b57\",\"name\":\"baidu_map_info_window_text\",\"value\":\"ThinkCMF<br\\/><span class=\'\'>\\u5730\\u5740\\uff1a\\u4e0a\\u6d77\\u5e02\\u5f90\\u6c47\\u533a\\u659c\\u571f\\u8def2601\\u53f7<\\/span>\",\"type\":\"text\",\"tip\":\"\\u767e\\u5ea6\\u5730\\u56fe\\u6807\\u6ce8\\u6587\\u5b57,\\u652f\\u6301\\u7b80\\u5355html\\u4ee3\\u7801\",\"rule\":[]},\"company_location\":{\"title\":\"\\u516c\\u53f8\\u5750\\u6807\",\"value\":\"\",\"type\":\"location\",\"tip\":\"\",\"rule\":{\"require\":true}},\"address_cn\":{\"title\":\"\\u516c\\u53f8\\u5730\\u5740\",\"value\":\"\\u4e0a\\u6d77\\u5e02\\u5f90\\u6c47\\u533a\\u659c\\u571f\\u8def0001\\u53f7\",\"type\":\"text\",\"tip\":\"\",\"rule\":{\"require\":true}},\"address_en\":{\"title\":\"\\u516c\\u53f8\\u5730\\u5740\\uff08\\u82f1\\u6587\\uff09\",\"value\":\"NO.0001 Xie Tu Road, Shanghai China\",\"type\":\"text\",\"tip\":\"\",\"rule\":{\"require\":true}},\"email\":{\"title\":\"\\u516c\\u53f8\\u90ae\\u7bb1\",\"value\":\"catman@thinkcmf.com\",\"type\":\"text\",\"tip\":\"\",\"rule\":{\"require\":true}},\"phone_cn\":{\"title\":\"\\u516c\\u53f8\\u7535\\u8bdd\",\"value\":\"021 1000 0001\",\"type\":\"text\",\"tip\":\"\",\"rule\":{\"require\":true}},\"phone_en\":{\"title\":\"\\u516c\\u53f8\\u7535\\u8bdd\\uff08\\u82f1\\u6587\\uff09\",\"value\":\"+8621 1000 0001\",\"type\":\"text\",\"tip\":\"\",\"rule\":{\"require\":true}},\"qq\":{\"title\":\"\\u8054\\u7cfbQQ\",\"value\":\"478519726\",\"type\":\"text\",\"tip\":\"\\u591a\\u4e2a QQ\\u4ee5\\u82f1\\u6587\\u9017\\u53f7\\u9694\\u5f00\",\"rule\":{\"require\":true}}}}',`config_more`='{\"vars\":{\"baidu_map_info_window_text\":{\"title\":\"\\u767e\\u5ea6\\u5730\\u56fe\\u6807\\u6ce8\\u6587\\u5b57\",\"name\":\"baidu_map_info_window_text\",\"value\":\"ThinkCMF<br\\/><span class=\'\'>\\u5730\\u5740\\uff1a\\u4e0a\\u6d77\\u5e02\\u5f90\\u6c47\\u533a\\u659c\\u571f\\u8def2601\\u53f7<\\/span>\",\"type\":\"text\",\"tip\":\"\\u767e\\u5ea6\\u5730\\u56fe\\u6807\\u6ce8\\u6587\\u5b57,\\u652f\\u6301\\u7b80\\u5355html\\u4ee3\\u7801\",\"rule\":[]},\"company_location\":{\"title\":\"\\u516c\\u53f8\\u5750\\u6807\",\"value\":\"\",\"type\":\"location\",\"tip\":\"\",\"rule\":{\"require\":true}},\"address_cn\":{\"title\":\"\\u516c\\u53f8\\u5730\\u5740\",\"value\":\"\\u4e0a\\u6d77\\u5e02\\u5f90\\u6c47\\u533a\\u659c\\u571f\\u8def0001\\u53f7\",\"type\":\"text\",\"tip\":\"\",\"rule\":{\"require\":true}},\"address_en\":{\"title\":\"\\u516c\\u53f8\\u5730\\u5740\\uff08\\u82f1\\u6587\\uff09\",\"value\":\"NO.0001 Xie Tu Road, Shanghai China\",\"type\":\"text\",\"tip\":\"\",\"rule\":{\"require\":true}},\"email\":{\"title\":\"\\u516c\\u53f8\\u90ae\\u7bb1\",\"value\":\"catman@thinkcmf.com\",\"type\":\"text\",\"tip\":\"\",\"rule\":{\"require\":true}},\"phone_cn\":{\"title\":\"\\u516c\\u53f8\\u7535\\u8bdd\",\"value\":\"021 1000 0001\",\"type\":\"text\",\"tip\":\"\",\"rule\":{\"require\":true}},\"phone_en\":{\"title\":\"\\u516c\\u53f8\\u7535\\u8bdd\\uff08\\u82f1\\u6587\\uff09\",\"value\":\"+8621 1000 0001\",\"type\":\"text\",\"tip\":\"\",\"rule\":{\"require\":true}},\"qq\":{\"title\":\"\\u8054\\u7cfbQQ\",\"value\":\"478519726\",\"type\":\"text\",\"tip\":\"\\u591a\\u4e2a QQ\\u4ee5\\u82f1\\u6587\\u9017\\u53f7\\u9694\\u5f00\",\"rule\":{\"require\":true}}}}',`description`='联系我们页模板文件',`is_public`=0,`list_order`=10  WHERE  `theme` = 'simpleboot3'  AND `file` = 'portal/contact' [ RunTime:0.002018s ]
[ sql ] [ SQL ] SELECT * FROM `ztx_theme_file` WHERE  `theme` = 'simpleboot3'  AND `file` = 'portal/index' LIMIT 1 [ RunTime:0.000226s ]
[ sql ] [ SQL ] UPDATE `ztx_theme_file`  SET `theme`='simpleboot3',`action`='portal/Index/index',`file`='portal/index',`name`='首页',`more`='{\"vars\":{\"top_slide\":{\"title\":\"\\u9876\\u90e8\\u5e7b\\u706f\\u7247\",\"value\":\"\",\"type\":\"text\",\"dataSource\":{\"api\":\"admin\\/Slide\\/index\",\"multi\":false},\"placeholder\":\"\\u8bf7\\u9009\\u62e9\\u9876\\u90e8\\u5e7b\\u706f\\u7247\",\"tip\":\"\\u9876\\u90e8\\u5e7b\\u706f\\u7247\",\"rule\":{\"require\":true}}},\"widgets\":{\"features\":{\"title\":\"\\u5feb\\u901f\\u4e86\\u89e3ThinkCMF\",\"display\":\"1\",\"vars\":{\"sub_title\":{\"title\":\"\\u526f\\u6807\\u9898\",\"value\":\"Quickly understand the ThinkCMF\",\"type\":\"text\",\"placeholder\":\"\\u8bf7\\u8f93\\u5165\\u526f\\u6807\\u9898\",\"tip\":\"\",\"rule\":{\"require\":true}},\"features\":{\"title\":\"\\u7279\\u6027\\u4ecb\\u7ecd\",\"value\":[{\"title\":\"MVC\\u5206\\u5c42\\u6a21\\u5f0f\",\"icon\":\"bars\",\"content\":\"\\u4f7f\\u7528MVC\\u5e94\\u7528\\u7a0b\\u5e8f\\u88ab\\u5206\\u6210\\u4e09\\u4e2a\\u6838\\u5fc3\\u90e8\\u4ef6\\uff1a\\u6a21\\u578b\\uff08M\\uff09\\u3001\\u89c6\\u56fe\\uff08V\\uff09\\u3001\\u63a7\\u5236\\u5668\\uff08C\\uff09\\uff0c\\u4ed6\\u4e0d\\u662f\\u4e00\\u4e2a\\u65b0\\u7684\\u6982\\u5ff5\\uff0c\\u53ea\\u662fThinkCMF\\u5c06\\u5176\\u53d1\\u6325\\u5230\\u4e86\\u6781\\u81f4\\u3002\"},{\"title\":\"\\u7528\\u6237\\u7ba1\\u7406\",\"icon\":\"group\",\"content\":\"ThinkCMF\\u5185\\u7f6e\\u4e86\\u7075\\u6d3b\\u7684\\u7528\\u6237\\u7ba1\\u7406\\u65b9\\u5f0f\\uff0c\\u5e76\\u53ef\\u76f4\\u63a5\\u4e0e\\u7b2c\\u4e09\\u65b9\\u7ad9\\u70b9\\u8fdb\\u884c\\u4e92\\u8054\\u4e92\\u901a\\uff0c\\u5982\\u679c\\u4f60\\u613f\\u610f\\u751a\\u81f3\\u53ef\\u4ee5\\u5bf9\\u5355\\u4e2a\\u7528\\u6237\\u6216\\u7fa4\\u4f53\\u7528\\u6237\\u7684\\u884c\\u4e3a\\u8fdb\\u884c\\u8bb0\\u5f55\\u53ca\\u5206\\u4eab\\uff0c\\u4e3a\\u60a8\\u7684\\u8fd0\\u8425\\u51b3\\u7b56\\u63d0\\u4f9b\\u6709\\u6548\\u53c2\\u8003\\u6570\\u636e\\u3002\"},{\"title\":\"\\u4e91\\u7aef\\u90e8\\u7f72\",\"icon\":\"cloud\",\"content\":\"\\u901a\\u8fc7\\u9a71\\u52a8\\u7684\\u65b9\\u5f0f\\u53ef\\u4ee5\\u8f7b\\u677e\\u652f\\u6301\\u4e91\\u5e73\\u53f0\\u7684\\u90e8\\u7f72\\uff0c\\u8ba9\\u4f60\\u7684\\u7f51\\u7ad9\\u65e0\\u7f1d\\u8fc1\\u79fb\\uff0c\\u5185\\u7f6e\\u5df2\\u7ecf\\u652f\\u6301SAE\\u3001BAE\\uff0c\\u6b63\\u5f0f\\u7248\\u5c06\\u5bf9\\u4e91\\u7aef\\u90e8\\u7f72\\u8fdb\\u884c\\u8fdb\\u4e00\\u6b65\\u4f18\\u5316\\u3002\"},{\"title\":\"\\u5b89\\u5168\\u7b56\\u7565\",\"icon\":\"heart\",\"content\":\"\\u63d0\\u4f9b\\u7684\\u7a33\\u5065\\u7684\\u5b89\\u5168\\u7b56\\u7565\\uff0c\\u5305\\u62ec\\u5907\\u4efd\\u6062\\u590d\\uff0c\\u5bb9\\u9519\\uff0c\\u9632\\u6cbb\\u6076\\u610f\\u653b\\u51fb\\u767b\\u9646\\uff0c\\u7f51\\u9875\\u9632\\u7be1\\u6539\\u7b49\\u591a\\u9879\\u5b89\\u5168\\u7ba1\\u7406\\u529f\\u80fd\\uff0c\\u4fdd\\u8bc1\\u7cfb\\u7edf\\u5b89\\u5168\\uff0c\\u53ef\\u9760\\uff0c\\u7a33\\u5b9a\\u7684\\u8fd0\\u884c\\u3002\"},{\"title\":\"\\u5e94\\u7528\\u6a21\\u5757\\u5316\",\"icon\":\"cubes\",\"content\":\"\\u63d0\\u51fa\\u5168\\u65b0\\u7684\\u5e94\\u7528\\u6a21\\u5f0f\\u8fdb\\u884c\\u6269\\u5c55\\uff0c\\u4e0d\\u7ba1\\u662f\\u4f60\\u5f00\\u53d1\\u4e00\\u4e2a\\u5c0f\\u529f\\u80fd\\u8fd8\\u662f\\u4e00\\u4e2a\\u5168\\u65b0\\u7684\\u7ad9\\u70b9\\uff0c\\u5728ThinkCMF\\u4e2d\\u4f60\\u53ea\\u662f\\u589e\\u52a0\\u4e86\\u4e00\\u4e2aAPP\\uff0c\\u6bcf\\u4e2a\\u72ec\\u7acb\\u8fd0\\u884c\\u4e92\\u4e0d\\u5f71\\u54cd\\uff0c\\u4fbf\\u4e8e\\u7075\\u6d3b\\u6269\\u5c55\\u548c\\u4e8c\\u6b21\\u5f00\\u53d1\\u3002\"},{\"title\":\"\\u514d\\u8d39\\u5f00\\u6e90\",\"icon\":\"certificate\",\"content\":\"\\u4ee3\\u7801\\u9075\\u5faaApache2\\u5f00\\u6e90\\u534f\\u8bae\\uff0c\\u514d\\u8d39\\u4f7f\\u7528\\uff0c\\u5bf9\\u5546\\u4e1a\\u7528\\u6237\\u4e5f\\u65e0\\u4efb\\u4f55\\u9650\\u5236\\u3002\"}],\"type\":\"array\",\"item\":{\"title\":{\"title\":\"\\u6807\\u9898\",\"value\":\"\",\"type\":\"text\",\"rule\":{\"require\":true}},\"icon\":{\"title\":\"\\u56fe\\u6807\",\"value\":\"\",\"type\":\"text\"},\"content\":{\"title\":\"\\u63cf\\u8ff0\",\"value\":\"\",\"type\":\"textarea\"}},\"tip\":\"\"}}},\"last_news\":{\"title\":\"\\u6700\\u65b0\\u8d44\\u8baf\",\"display\":\"1\",\"vars\":{\"last_news_category_id\":{\"title\":\"\\u6587\\u7ae0\\u5206\\u7c7bID\",\"value\":\"\",\"type\":\"text\",\"dataSource\":{\"api\":\"portal\\/Category\\/index\",\"multi\":true},\"placeholder\":\"\\u8bf7\\u9009\\u62e9\\u5206\\u7c7b\",\"tip\":\"\",\"rule\":{\"require\":true}}}}}}',`config_more`='{\"vars\":{\"top_slide\":{\"title\":\"\\u9876\\u90e8\\u5e7b\\u706f\\u7247\",\"value\":\"\",\"type\":\"text\",\"dataSource\":{\"api\":\"admin\\/Slide\\/index\",\"multi\":false},\"placeholder\":\"\\u8bf7\\u9009\\u62e9\\u9876\\u90e8\\u5e7b\\u706f\\u7247\",\"tip\":\"\\u9876\\u90e8\\u5e7b\\u706f\\u7247\",\"rule\":{\"require\":true}}},\"widgets\":{\"features\":{\"title\":\"\\u5feb\\u901f\\u4e86\\u89e3ThinkCMF\",\"display\":\"1\",\"vars\":{\"sub_title\":{\"title\":\"\\u526f\\u6807\\u9898\",\"value\":\"Quickly understand the ThinkCMF\",\"type\":\"text\",\"placeholder\":\"\\u8bf7\\u8f93\\u5165\\u526f\\u6807\\u9898\",\"tip\":\"\",\"rule\":{\"require\":true}},\"features\":{\"title\":\"\\u7279\\u6027\\u4ecb\\u7ecd\",\"value\":[{\"title\":\"MVC\\u5206\\u5c42\\u6a21\\u5f0f\",\"icon\":\"bars\",\"content\":\"\\u4f7f\\u7528MVC\\u5e94\\u7528\\u7a0b\\u5e8f\\u88ab\\u5206\\u6210\\u4e09\\u4e2a\\u6838\\u5fc3\\u90e8\\u4ef6\\uff1a\\u6a21\\u578b\\uff08M\\uff09\\u3001\\u89c6\\u56fe\\uff08V\\uff09\\u3001\\u63a7\\u5236\\u5668\\uff08C\\uff09\\uff0c\\u4ed6\\u4e0d\\u662f\\u4e00\\u4e2a\\u65b0\\u7684\\u6982\\u5ff5\\uff0c\\u53ea\\u662fThinkCMF\\u5c06\\u5176\\u53d1\\u6325\\u5230\\u4e86\\u6781\\u81f4\\u3002\"},{\"title\":\"\\u7528\\u6237\\u7ba1\\u7406\",\"icon\":\"group\",\"content\":\"ThinkCMF\\u5185\\u7f6e\\u4e86\\u7075\\u6d3b\\u7684\\u7528\\u6237\\u7ba1\\u7406\\u65b9\\u5f0f\\uff0c\\u5e76\\u53ef\\u76f4\\u63a5\\u4e0e\\u7b2c\\u4e09\\u65b9\\u7ad9\\u70b9\\u8fdb\\u884c\\u4e92\\u8054\\u4e92\\u901a\\uff0c\\u5982\\u679c\\u4f60\\u613f\\u610f\\u751a\\u81f3\\u53ef\\u4ee5\\u5bf9\\u5355\\u4e2a\\u7528\\u6237\\u6216\\u7fa4\\u4f53\\u7528\\u6237\\u7684\\u884c\\u4e3a\\u8fdb\\u884c\\u8bb0\\u5f55\\u53ca\\u5206\\u4eab\\uff0c\\u4e3a\\u60a8\\u7684\\u8fd0\\u8425\\u51b3\\u7b56\\u63d0\\u4f9b\\u6709\\u6548\\u53c2\\u8003\\u6570\\u636e\\u3002\"},{\"title\":\"\\u4e91\\u7aef\\u90e8\\u7f72\",\"icon\":\"cloud\",\"content\":\"\\u901a\\u8fc7\\u9a71\\u52a8\\u7684\\u65b9\\u5f0f\\u53ef\\u4ee5\\u8f7b\\u677e\\u652f\\u6301\\u4e91\\u5e73\\u53f0\\u7684\\u90e8\\u7f72\\uff0c\\u8ba9\\u4f60\\u7684\\u7f51\\u7ad9\\u65e0\\u7f1d\\u8fc1\\u79fb\\uff0c\\u5185\\u7f6e\\u5df2\\u7ecf\\u652f\\u6301SAE\\u3001BAE\\uff0c\\u6b63\\u5f0f\\u7248\\u5c06\\u5bf9\\u4e91\\u7aef\\u90e8\\u7f72\\u8fdb\\u884c\\u8fdb\\u4e00\\u6b65\\u4f18\\u5316\\u3002\"},{\"title\":\"\\u5b89\\u5168\\u7b56\\u7565\",\"icon\":\"heart\",\"content\":\"\\u63d0\\u4f9b\\u7684\\u7a33\\u5065\\u7684\\u5b89\\u5168\\u7b56\\u7565\\uff0c\\u5305\\u62ec\\u5907\\u4efd\\u6062\\u590d\\uff0c\\u5bb9\\u9519\\uff0c\\u9632\\u6cbb\\u6076\\u610f\\u653b\\u51fb\\u767b\\u9646\\uff0c\\u7f51\\u9875\\u9632\\u7be1\\u6539\\u7b49\\u591a\\u9879\\u5b89\\u5168\\u7ba1\\u7406\\u529f\\u80fd\\uff0c\\u4fdd\\u8bc1\\u7cfb\\u7edf\\u5b89\\u5168\\uff0c\\u53ef\\u9760\\uff0c\\u7a33\\u5b9a\\u7684\\u8fd0\\u884c\\u3002\"},{\"title\":\"\\u5e94\\u7528\\u6a21\\u5757\\u5316\",\"icon\":\"cubes\",\"content\":\"\\u63d0\\u51fa\\u5168\\u65b0\\u7684\\u5e94\\u7528\\u6a21\\u5f0f\\u8fdb\\u884c\\u6269\\u5c55\\uff0c\\u4e0d\\u7ba1\\u662f\\u4f60\\u5f00\\u53d1\\u4e00\\u4e2a\\u5c0f\\u529f\\u80fd\\u8fd8\\u662f\\u4e00\\u4e2a\\u5168\\u65b0\\u7684\\u7ad9\\u70b9\\uff0c\\u5728ThinkCMF\\u4e2d\\u4f60\\u53ea\\u662f\\u589e\\u52a0\\u4e86\\u4e00\\u4e2aAPP\\uff0c\\u6bcf\\u4e2a\\u72ec\\u7acb\\u8fd0\\u884c\\u4e92\\u4e0d\\u5f71\\u54cd\\uff0c\\u4fbf\\u4e8e\\u7075\\u6d3b\\u6269\\u5c55\\u548c\\u4e8c\\u6b21\\u5f00\\u53d1\\u3002\"},{\"title\":\"\\u514d\\u8d39\\u5f00\\u6e90\",\"icon\":\"certificate\",\"content\":\"\\u4ee3\\u7801\\u9075\\u5faaApache2\\u5f00\\u6e90\\u534f\\u8bae\\uff0c\\u514d\\u8d39\\u4f7f\\u7528\\uff0c\\u5bf9\\u5546\\u4e1a\\u7528\\u6237\\u4e5f\\u65e0\\u4efb\\u4f55\\u9650\\u5236\\u3002\"}],\"type\":\"array\",\"item\":{\"title\":{\"title\":\"\\u6807\\u9898\",\"value\":\"\",\"type\":\"text\",\"rule\":{\"require\":true}},\"icon\":{\"title\":\"\\u56fe\\u6807\",\"value\":\"\",\"type\":\"text\"},\"content\":{\"title\":\"\\u63cf\\u8ff0\",\"value\":\"\",\"type\":\"textarea\"}},\"tip\":\"\"}}},\"last_news\":{\"title\":\"\\u6700\\u65b0\\u8d44\\u8baf\",\"display\":\"1\",\"vars\":{\"last_news_category_id\":{\"title\":\"\\u6587\\u7ae0\\u5206\\u7c7bID\",\"value\":\"\",\"type\":\"text\",\"dataSource\":{\"api\":\"portal\\/Category\\/index\",\"multi\":true},\"placeholder\":\"\\u8bf7\\u9009\\u62e9\\u5206\\u7c7b\",\"tip\":\"\",\"rule\":{\"require\":true}}}}}}',`description`='首页模板文件',`is_public`=0,`list_order`=5  WHERE  `theme` = 'simpleboot3'  AND `file` = 'portal/index' [ RunTime:0.002210s ]
[ sql ] [ SQL ] SELECT * FROM `ztx_theme_file` WHERE  `theme` = 'simpleboot3'  AND `file` = 'portal/list' LIMIT 1 [ RunTime:0.000245s ]
[ sql ] [ SQL ] UPDATE `ztx_theme_file`  SET `theme`='simpleboot3',`action`='portal/List/index',`file`='portal/list',`name`='文章列表页',`more`='{\"vars\":[],\"widgets\":{\"hottest_articles\":{\"title\":\"\\u70ed\\u95e8\\u6587\\u7ae0\",\"display\":\"1\",\"vars\":{\"hottest_articles_category_id\":{\"title\":\"\\u6587\\u7ae0\\u5206\\u7c7bID\",\"value\":\"\",\"type\":\"text\",\"dataSource\":{\"api\":\"portal\\/category\\/index\",\"multi\":true},\"placeholder\":\"\\u8bf7\\u9009\\u62e9\\u5206\\u7c7b\",\"tip\":\"\",\"rule\":{\"require\":true}}}},\"last_articles\":{\"title\":\"\\u6700\\u65b0\\u53d1\\u5e03\",\"display\":\"1\",\"vars\":{\"last_articles_category_id\":{\"title\":\"\\u6587\\u7ae0\\u5206\\u7c7bID\",\"value\":\"\",\"type\":\"text\",\"dataSource\":{\"api\":\"portal\\/category\\/index\",\"multi\":true},\"placeholder\":\"\\u8bf7\\u9009\\u62e9\\u5206\\u7c7b\",\"tip\":\"\",\"rule\":{\"require\":true}}}}}}',`config_more`='{\"vars\":[],\"widgets\":{\"hottest_articles\":{\"title\":\"\\u70ed\\u95e8\\u6587\\u7ae0\",\"display\":\"1\",\"vars\":{\"hottest_articles_category_id\":{\"title\":\"\\u6587\\u7ae0\\u5206\\u7c7bID\",\"value\":\"\",\"type\":\"text\",\"dataSource\":{\"api\":\"portal\\/category\\/index\",\"multi\":true},\"placeholder\":\"\\u8bf7\\u9009\\u62e9\\u5206\\u7c7b\",\"tip\":\"\",\"rule\":{\"require\":true}}}},\"last_articles\":{\"title\":\"\\u6700\\u65b0\\u53d1\\u5e03\",\"display\":\"1\",\"vars\":{\"last_articles_category_id\":{\"title\":\"\\u6587\\u7ae0\\u5206\\u7c7bID\",\"value\":\"\",\"type\":\"text\",\"dataSource\":{\"api\":\"portal\\/category\\/index\",\"multi\":true},\"placeholder\":\"\\u8bf7\\u9009\\u62e9\\u5206\\u7c7b\",\"tip\":\"\",\"rule\":{\"require\":true}}}}}}',`description`='文章列表模板文件',`is_public`=0,`list_order`=10  WHERE  `theme` = 'simpleboot3'  AND `file` = 'portal/list' [ RunTime:0.003782s ]
[ sql ] [ SQL ] SELECT * FROM `ztx_theme_file` WHERE  `theme` = 'simpleboot3'  AND `file` = 'portal/page' LIMIT 1 [ RunTime:0.000216s ]
[ sql ] [ SQL ] UPDATE `ztx_theme_file`  SET `theme`='simpleboot3',`action`='portal/Page/index',`file`='portal/page',`name`='单页面',`more`='{\"widgets\":{\"hottest_articles\":{\"title\":\"\\u70ed\\u95e8\\u6587\\u7ae0\",\"display\":\"1\",\"vars\":{\"hottest_articles_category_id\":{\"title\":\"\\u6587\\u7ae0\\u5206\\u7c7bID\",\"value\":\"\",\"type\":\"text\",\"dataSource\":{\"api\":\"portal\\/category\\/index\",\"multi\":true},\"placeholder\":\"\\u8bf7\\u9009\\u62e9\\u5206\\u7c7b\",\"tip\":\"\",\"rule\":{\"require\":true}}}},\"last_articles\":{\"title\":\"\\u6700\\u65b0\\u53d1\\u5e03\",\"display\":\"1\",\"vars\":{\"last_articles_category_id\":{\"title\":\"\\u6587\\u7ae0\\u5206\\u7c7bID\",\"value\":\"\",\"type\":\"text\",\"dataSource\":{\"api\":\"portal\\/category\\/index\",\"multi\":true},\"placeholder\":\"\\u8bf7\\u9009\\u62e9\\u5206\\u7c7b\",\"tip\":\"\",\"rule\":{\"require\":true}}}}}}',`config_more`='{\"widgets\":{\"hottest_articles\":{\"title\":\"\\u70ed\\u95e8\\u6587\\u7ae0\",\"display\":\"1\",\"vars\":{\"hottest_articles_category_id\":{\"title\":\"\\u6587\\u7ae0\\u5206\\u7c7bID\",\"value\":\"\",\"type\":\"text\",\"dataSource\":{\"api\":\"portal\\/category\\/index\",\"multi\":true},\"placeholder\":\"\\u8bf7\\u9009\\u62e9\\u5206\\u7c7b\",\"tip\":\"\",\"rule\":{\"require\":true}}}},\"last_articles\":{\"title\":\"\\u6700\\u65b0\\u53d1\\u5e03\",\"display\":\"1\",\"vars\":{\"last_articles_category_id\":{\"title\":\"\\u6587\\u7ae0\\u5206\\u7c7bID\",\"value\":\"\",\"type\":\"text\",\"dataSource\":{\"api\":\"portal\\/category\\/index\",\"multi\":true},\"placeholder\":\"\\u8bf7\\u9009\\u62e9\\u5206\\u7c7b\",\"tip\":\"\",\"rule\":{\"require\":true}}}}}}',`description`='单页面模板文件',`is_public`=0,`list_order`=10  WHERE  `theme` = 'simpleboot3'  AND `file` = 'portal/page' [ RunTime:0.002478s ]
[ sql ] [ SQL ] SELECT * FROM `ztx_theme_file` WHERE  `theme` = 'simpleboot3'  AND `file` = 'portal/search' LIMIT 1 [ RunTime:0.000213s ]
[ sql ] [ SQL ] UPDATE `ztx_theme_file`  SET `theme`='simpleboot3',`action`='portal/search/index',`file`='portal/search',`name`='搜索页面',`more`='{\"vars\":{\"varName1\":{\"title\":\"\\u70ed\\u95e8\\u641c\\u7d22\",\"value\":\"1\",\"type\":\"text\",\"tip\":\"\\u8fd9\\u662f\\u4e00\\u4e2atext\",\"rule\":{\"require\":true}}}}',`config_more`='{\"vars\":{\"varName1\":{\"title\":\"\\u70ed\\u95e8\\u641c\\u7d22\",\"value\":\"1\",\"type\":\"text\",\"tip\":\"\\u8fd9\\u662f\\u4e00\\u4e2atext\",\"rule\":{\"require\":true}}}}',`description`='搜索模板文件',`is_public`=0,`list_order`=10  WHERE  `theme` = 'simpleboot3'  AND `file` = 'portal/search' [ RunTime:0.002192s ]
[ sql ] [ SQL ] SELECT * FROM `ztx_theme_file` WHERE  `theme` = 'simpleboot3'  AND `file` = 'public/config' LIMIT 1 [ RunTime:0.000199s ]
[ sql ] [ SQL ] UPDATE `ztx_theme_file`  SET `theme`='simpleboot3',`action`='public/Config',`file`='public/config',`name`='模板全局配置',`more`='{\"vars\":{\"enable_mobile\":{\"title\":\"\\u624b\\u673a\\u6ce8\\u518c\",\"value\":1,\"type\":\"select\",\"options\":{\"1\":\"\\u5f00\\u542f\",\"0\":\"\\u5173\\u95ed\"},\"tip\":\"\"}}}',`config_more`='{\"vars\":{\"enable_mobile\":{\"title\":\"\\u624b\\u673a\\u6ce8\\u518c\",\"value\":1,\"type\":\"select\",\"options\":{\"1\":\"\\u5f00\\u542f\",\"0\":\"\\u5173\\u95ed\"},\"tip\":\"\"}}}',`description`='模板全局配置文件',`is_public`=1,`list_order`=0  WHERE  `theme` = 'simpleboot3'  AND `file` = 'public/config' [ RunTime:0.002271s ]
[ sql ] [ SQL ] SELECT * FROM `ztx_theme_file` WHERE  `theme` = 'simpleboot3'  AND `file` = 'public/nav' LIMIT 1 [ RunTime:0.000256s ]
[ sql ] [ SQL ] UPDATE `ztx_theme_file`  SET `theme`='simpleboot3',`action`='public/Nav',`file`='public/nav',`name`='导航条',`more`='{\"vars\":{\"company_name\":{\"title\":\"\\u516c\\u53f8\\u540d\\u79f0\",\"name\":\"company_name\",\"value\":\"ThinkCMF\",\"type\":\"text\",\"tip\":\"\",\"rule\":[]}}}',`config_more`='{\"vars\":{\"company_name\":{\"title\":\"\\u516c\\u53f8\\u540d\\u79f0\",\"name\":\"company_name\",\"value\":\"ThinkCMF\",\"type\":\"text\",\"tip\":\"\",\"rule\":[]}}}',`description`='导航条模板文件',`is_public`=1,`list_order`=1  WHERE  `theme` = 'simpleboot3'  AND `file` = 'public/nav' [ RunTime:0.002013s ]
[ sql ] [ SQL ] SELECT * FROM `ztx_theme_file` WHERE  `theme` = 'simpleboot3' [ RunTime:0.000172s ]
[ sql ] [ SQL ] SHOW COLUMNS FROM `ztx_theme` [ RunTime:0.000579s ]
[ sql ] [ SQL ] UPDATE `ztx_theme`  SET `name`='simpleboot3',`version`='1.0.2',`demo_url`='http://demo.thinkcmf.com',`author`='ThinkCMF',`lang`='zh-cn',`author_url`='http://www.thinkcmf.com',`keywords`='ThinkCMF模板',`description`='ThinkCMF默认模板'  WHERE  `theme` = 'simpleboot3' [ RunTime:0.002384s ]
[ sql ] [ SQL ] SELECT `more` FROM `ztx_theme_file` WHERE  `theme` = 'simpleboot3'  AND (  `is_public` = 1 OR `file` = 'portal/index' ) [ RunTime:0.000171s ]
[ sql ] [ SQL ] SHOW COLUMNS FROM `ztx_nav` [ RunTime:0.000596s ]
[ sql ] [ SQL ] SELECT `id` FROM `ztx_nav` WHERE  `is_main` = 1 LIMIT 1 [ RunTime:0.000176s ]
[ sql ] [ SQL ] SHOW COLUMNS FROM `ztx_nav_menu` [ RunTime:0.000474s ]
[ sql ] [ SQL ] SELECT * FROM `ztx_nav_menu` WHERE  `nav_id` = 1  AND `status` = 1 ORDER BY `list_order` ASC [ RunTime:0.000192s ]
[ sql ] [ SQL ] SHOW COLUMNS FROM `ztx_slide` [ RunTime:0.000526s ]
[ sql ] [ SQL ] SELECT COUNT(*) AS tp_count FROM `ztx_slide` WHERE  `id` = 1  AND `status` = 1  AND `delete_time` = 0 LIMIT 1 [ RunTime:0.000193s ]
[ sql ] [ SQL ] SHOW COLUMNS FROM `ztx_portal_post` [ RunTime:0.000594s ]
[ sql ] [ SQL ] SELECT post.*,min(category_post.category_id) as category_id FROM `ztx_portal_post` `post` INNER JOIN `ztx_portal_category_post` `category_post` ON `post`.`id`=`category_post`.`post_id` WHERE  ( `post`.`published_time` >  '0' AND `post`.`published_time` < 1535914629 )  AND `post`.`post_status` = 1  AND `post`.`post_type` = 1  AND `post`.`delete_time` = 0  AND `category_post`.`category_id` = '1' GROUP BY `post`.`id` ORDER BY `post`.`published_time` DESC LIMIT 4 [ RunTime:0.000630s ]
[ sql ] [ SQL ] SHOW COLUMNS FROM `ztx_link` [ RunTime:0.000551s ]
[ sql ] [ SQL ] SELECT * FROM `ztx_link` WHERE  `status` = 1 ORDER BY `list_order` ASC [ RunTime:0.000185s ]
---------------------------------------------------------------
[ 2018-09-03T05:29:04+08:00 ] 39.107.14.208 GET /
[ info ] ztx.hfxyzq.cn/ [运行时间：0.133320s][吞吐率：7.50req/s] [内存消耗：5,348.61kb] [文件加载：86]
[ info ] [ CACHE ] INIT File
[ info ] [ BEHAVIOR ] Run cmf\behavior\InitHookBehavior @app_init [ RunTime:0.001433s ]
[ info ] [ LANG ] /www/web/ztx_hfxyzq_cn/public_html/simplewind/thinkphp/lang/zh-cn.php
[ info ] [ ROUTE ] array (
  'type' => 'module',
  'module' => 
  array (
    0 => '',
    1 => NULL,
    2 => NULL,
  ),
)
[ info ] [ HEADER ] array (
  'host' => 'ztx.hfxyzq.cn',
  'x-real-ip' => '39.107.14.208',
  'connection' => 'close',
)
[ info ] [ PARAM ] array (
)
[ info ] [ LANG ] /www/web/ztx_hfxyzq_cn/public_html/public/../simplewind/cmf/lang/zh-cn.php
[ info ] [ LANG ] /www/web/ztx_hfxyzq_cn/public_html/public/../app/admin/lang/zh-cn/common.php
[ info ] [ LANG ] /www/web/ztx_hfxyzq_cn/public_html/public/../app/portal/lang/zh-cn/common.php
[ info ] [ BEHAVIOR ] Run cmf\behavior\LangBehavior @app_begin [ RunTime:0.000349s ]
[ info ] [ LANG ] /www/web/ztx_hfxyzq_cn/public_html/public/../app/portal/lang/zh-cn.php
[ info ] [ DB ] INIT mysql
[ info ] [ LANG ] /www/web/ztx_hfxyzq_cn/public_html/public/../app/portal/lang/zh-cn/home.php
[ info ] [ BEHAVIOR ] Run cmf\behavior\HomeLangBehavior @home_init [ RunTime:0.000190s ]
[ info ] [ RUN ] app\portal\controller\IndexController->index[ /www/web/ztx_hfxyzq_cn/public_html/app/portal/controller/IndexController.php ]
[ info ] [ VIEW ] themes/simpleboot3/portal/index.html [ array (
  0 => 'site_info',
  1 => 'theme_vars',
  2 => 'theme_widgets',
) ]
[ info ] [ SESSION ] INIT array (
  'id' => '',
  'var_session_id' => '',
  'prefix' => 'think',
  'type' => '',
  'auto_start' => true,
)
[ info ] [ LOG ] INIT File
[ sql ] [ DB ] CONNECT:[ UseTime:0.000404s ] mysql:host=127.0.0.1;port=3306;dbname=ztx;charset=utf8mb4
[ sql ] [ SQL ] SHOW COLUMNS FROM `ztx_option` [ RunTime:0.000750s ]
[ sql ] [ SQL ] SELECT `option_value` FROM `ztx_option` WHERE  `option_name` = 'cdn_settings' LIMIT 1 [ RunTime:0.000190s ]
[ sql ] [ SQL ] SHOW COLUMNS FROM `ztx_theme_file` [ RunTime:0.000666s ]
[ sql ] [ SQL ] SELECT * FROM `ztx_theme_file` WHERE  `theme` = 'simpleboot3'  AND `file` = 'portal/article' LIMIT 1 [ RunTime:0.000207s ]
[ sql ] [ SQL ] UPDATE `ztx_theme_file`  SET `theme`='simpleboot3',`action`='portal/Article/index',`file`='portal/article',`name`='文章页',`more`='{\"vars\":{\"hot_articles_category_id\":{\"title\":\"Hot Articles\\u5206\\u7c7bID\",\"value\":\"1\",\"type\":\"text\",\"tip\":\"\",\"rule\":[]}}}',`config_more`='{\"vars\":{\"hot_articles_category_id\":{\"title\":\"Hot Articles\\u5206\\u7c7bID\",\"value\":\"1\",\"type\":\"text\",\"tip\":\"\",\"rule\":[]}}}',`description`='文章页模板文件',`is_public`=0,`list_order`=10  WHERE  `theme` = 'simpleboot3'  AND `file` = 'portal/article' [ RunTime:0.002939s ]
[ sql ] [ SQL ] SELECT * FROM `ztx_theme_file` WHERE  `theme` = 'simpleboot3'  AND `file` = 'portal/contact' LIMIT 1 [ RunTime:0.000196s ]
[ sql ] [ SQL ] UPDATE `ztx_theme_file`  SET `theme`='simpleboot3',`action`='portal/Page/index',`file`='portal/contact',`name`='联系我们页',`more`='{\"vars\":{\"baidu_map_info_window_text\":{\"title\":\"\\u767e\\u5ea6\\u5730\\u56fe\\u6807\\u6ce8\\u6587\\u5b57\",\"name\":\"baidu_map_info_window_text\",\"value\":\"ThinkCMF<br\\/><span class=\'\'>\\u5730\\u5740\\uff1a\\u4e0a\\u6d77\\u5e02\\u5f90\\u6c47\\u533a\\u659c\\u571f\\u8def2601\\u53f7<\\/span>\",\"type\":\"text\",\"tip\":\"\\u767e\\u5ea6\\u5730\\u56fe\\u6807\\u6ce8\\u6587\\u5b57,\\u652f\\u6301\\u7b80\\u5355html\\u4ee3\\u7801\",\"rule\":[]},\"company_location\":{\"title\":\"\\u516c\\u53f8\\u5750\\u6807\",\"value\":\"\",\"type\":\"location\",\"tip\":\"\",\"rule\":{\"require\":true}},\"address_cn\":{\"title\":\"\\u516c\\u53f8\\u5730\\u5740\",\"value\":\"\\u4e0a\\u6d77\\u5e02\\u5f90\\u6c47\\u533a\\u659c\\u571f\\u8def0001\\u53f7\",\"type\":\"text\",\"tip\":\"\",\"rule\":{\"require\":true}},\"address_en\":{\"title\":\"\\u516c\\u53f8\\u5730\\u5740\\uff08\\u82f1\\u6587\\uff09\",\"value\":\"NO.0001 Xie Tu Road, Shanghai China\",\"type\":\"text\",\"tip\":\"\",\"rule\":{\"require\":true}},\"email\":{\"title\":\"\\u516c\\u53f8\\u90ae\\u7bb1\",\"value\":\"catman@thinkcmf.com\",\"type\":\"text\",\"tip\":\"\",\"rule\":{\"require\":true}},\"phone_cn\":{\"title\":\"\\u516c\\u53f8\\u7535\\u8bdd\",\"value\":\"021 1000 0001\",\"type\":\"text\",\"tip\":\"\",\"rule\":{\"require\":true}},\"phone_en\":{\"title\":\"\\u516c\\u53f8\\u7535\\u8bdd\\uff08\\u82f1\\u6587\\uff09\",\"value\":\"+8621 1000 0001\",\"type\":\"text\",\"tip\":\"\",\"rule\":{\"require\":true}},\"qq\":{\"title\":\"\\u8054\\u7cfbQQ\",\"value\":\"478519726\",\"type\":\"text\",\"tip\":\"\\u591a\\u4e2a QQ\\u4ee5\\u82f1\\u6587\\u9017\\u53f7\\u9694\\u5f00\",\"rule\":{\"require\":true}}}}',`config_more`='{\"vars\":{\"baidu_map_info_window_text\":{\"title\":\"\\u767e\\u5ea6\\u5730\\u56fe\\u6807\\u6ce8\\u6587\\u5b57\",\"name\":\"baidu_map_info_window_text\",\"value\":\"ThinkCMF<br\\/><span class=\'\'>\\u5730\\u5740\\uff1a\\u4e0a\\u6d77\\u5e02\\u5f90\\u6c47\\u533a\\u659c\\u571f\\u8def2601\\u53f7<\\/span>\",\"type\":\"text\",\"tip\":\"\\u767e\\u5ea6\\u5730\\u56fe\\u6807\\u6ce8\\u6587\\u5b57,\\u652f\\u6301\\u7b80\\u5355html\\u4ee3\\u7801\",\"rule\":[]},\"company_location\":{\"title\":\"\\u516c\\u53f8\\u5750\\u6807\",\"value\":\"\",\"type\":\"location\",\"tip\":\"\",\"rule\":{\"require\":true}},\"address_cn\":{\"title\":\"\\u516c\\u53f8\\u5730\\u5740\",\"value\":\"\\u4e0a\\u6d77\\u5e02\\u5f90\\u6c47\\u533a\\u659c\\u571f\\u8def0001\\u53f7\",\"type\":\"text\",\"tip\":\"\",\"rule\":{\"require\":true}},\"address_en\":{\"title\":\"\\u516c\\u53f8\\u5730\\u5740\\uff08\\u82f1\\u6587\\uff09\",\"value\":\"NO.0001 Xie Tu Road, Shanghai China\",\"type\":\"text\",\"tip\":\"\",\"rule\":{\"require\":true}},\"email\":{\"title\":\"\\u516c\\u53f8\\u90ae\\u7bb1\",\"value\":\"catman@thinkcmf.com\",\"type\":\"text\",\"tip\":\"\",\"rule\":{\"require\":true}},\"phone_cn\":{\"title\":\"\\u516c\\u53f8\\u7535\\u8bdd\",\"value\":\"021 1000 0001\",\"type\":\"text\",\"tip\":\"\",\"rule\":{\"require\":true}},\"phone_en\":{\"title\":\"\\u516c\\u53f8\\u7535\\u8bdd\\uff08\\u82f1\\u6587\\uff09\",\"value\":\"+8621 1000 0001\",\"type\":\"text\",\"tip\":\"\",\"rule\":{\"require\":true}},\"qq\":{\"title\":\"\\u8054\\u7cfbQQ\",\"value\":\"478519726\",\"type\":\"text\",\"tip\":\"\\u591a\\u4e2a QQ\\u4ee5\\u82f1\\u6587\\u9017\\u53f7\\u9694\\u5f00\",\"rule\":{\"require\":true}}}}',`description`='联系我们页模板文件',`is_public`=0,`list_order`=10  WHERE  `theme` = 'simpleboot3'  AND `file` = 'portal/contact' [ RunTime:0.001867s ]
[ sql ] [ SQL ] SELECT * FROM `ztx_theme_file` WHERE  `theme` = 'simpleboot3'  AND `file` = 'portal/index' LIMIT 1 [ RunTime:0.000208s ]
[ sql ] [ SQL ] UPDATE `ztx_theme_file`  SET `theme`='simpleboot3',`action`='portal/Index/index',`file`='portal/index',`name`='首页',`more`='{\"vars\":{\"top_slide\":{\"title\":\"\\u9876\\u90e8\\u5e7b\\u706f\\u7247\",\"value\":\"\",\"type\":\"text\",\"dataSource\":{\"api\":\"admin\\/Slide\\/index\",\"multi\":false},\"placeholder\":\"\\u8bf7\\u9009\\u62e9\\u9876\\u90e8\\u5e7b\\u706f\\u7247\",\"tip\":\"\\u9876\\u90e8\\u5e7b\\u706f\\u7247\",\"rule\":{\"require\":true}}},\"widgets\":{\"features\":{\"title\":\"\\u5feb\\u901f\\u4e86\\u89e3ThinkCMF\",\"display\":\"1\",\"vars\":{\"sub_title\":{\"title\":\"\\u526f\\u6807\\u9898\",\"value\":\"Quickly understand the ThinkCMF\",\"type\":\"text\",\"placeholder\":\"\\u8bf7\\u8f93\\u5165\\u526f\\u6807\\u9898\",\"tip\":\"\",\"rule\":{\"require\":true}},\"features\":{\"title\":\"\\u7279\\u6027\\u4ecb\\u7ecd\",\"value\":[{\"title\":\"MVC\\u5206\\u5c42\\u6a21\\u5f0f\",\"icon\":\"bars\",\"content\":\"\\u4f7f\\u7528MVC\\u5e94\\u7528\\u7a0b\\u5e8f\\u88ab\\u5206\\u6210\\u4e09\\u4e2a\\u6838\\u5fc3\\u90e8\\u4ef6\\uff1a\\u6a21\\u578b\\uff08M\\uff09\\u3001\\u89c6\\u56fe\\uff08V\\uff09\\u3001\\u63a7\\u5236\\u5668\\uff08C\\uff09\\uff0c\\u4ed6\\u4e0d\\u662f\\u4e00\\u4e2a\\u65b0\\u7684\\u6982\\u5ff5\\uff0c\\u53ea\\u662fThinkCMF\\u5c06\\u5176\\u53d1\\u6325\\u5230\\u4e86\\u6781\\u81f4\\u3002\"},{\"title\":\"\\u7528\\u6237\\u7ba1\\u7406\",\"icon\":\"group\",\"content\":\"ThinkCMF\\u5185\\u7f6e\\u4e86\\u7075\\u6d3b\\u7684\\u7528\\u6237\\u7ba1\\u7406\\u65b9\\u5f0f\\uff0c\\u5e76\\u53ef\\u76f4\\u63a5\\u4e0e\\u7b2c\\u4e09\\u65b9\\u7ad9\\u70b9\\u8fdb\\u884c\\u4e92\\u8054\\u4e92\\u901a\\uff0c\\u5982\\u679c\\u4f60\\u613f\\u610f\\u751a\\u81f3\\u53ef\\u4ee5\\u5bf9\\u5355\\u4e2a\\u7528\\u6237\\u6216\\u7fa4\\u4f53\\u7528\\u6237\\u7684\\u884c\\u4e3a\\u8fdb\\u884c\\u8bb0\\u5f55\\u53ca\\u5206\\u4eab\\uff0c\\u4e3a\\u60a8\\u7684\\u8fd0\\u8425\\u51b3\\u7b56\\u63d0\\u4f9b\\u6709\\u6548\\u53c2\\u8003\\u6570\\u636e\\u3002\"},{\"title\":\"\\u4e91\\u7aef\\u90e8\\u7f72\",\"icon\":\"cloud\",\"content\":\"\\u901a\\u8fc7\\u9a71\\u52a8\\u7684\\u65b9\\u5f0f\\u53ef\\u4ee5\\u8f7b\\u677e\\u652f\\u6301\\u4e91\\u5e73\\u53f0\\u7684\\u90e8\\u7f72\\uff0c\\u8ba9\\u4f60\\u7684\\u7f51\\u7ad9\\u65e0\\u7f1d\\u8fc1\\u79fb\\uff0c\\u5185\\u7f6e\\u5df2\\u7ecf\\u652f\\u6301SAE\\u3001BAE\\uff0c\\u6b63\\u5f0f\\u7248\\u5c06\\u5bf9\\u4e91\\u7aef\\u90e8\\u7f72\\u8fdb\\u884c\\u8fdb\\u4e00\\u6b65\\u4f18\\u5316\\u3002\"},{\"title\":\"\\u5b89\\u5168\\u7b56\\u7565\",\"icon\":\"heart\",\"content\":\"\\u63d0\\u4f9b\\u7684\\u7a33\\u5065\\u7684\\u5b89\\u5168\\u7b56\\u7565\\uff0c\\u5305\\u62ec\\u5907\\u4efd\\u6062\\u590d\\uff0c\\u5bb9\\u9519\\uff0c\\u9632\\u6cbb\\u6076\\u610f\\u653b\\u51fb\\u767b\\u9646\\uff0c\\u7f51\\u9875\\u9632\\u7be1\\u6539\\u7b49\\u591a\\u9879\\u5b89\\u5168\\u7ba1\\u7406\\u529f\\u80fd\\uff0c\\u4fdd\\u8bc1\\u7cfb\\u7edf\\u5b89\\u5168\\uff0c\\u53ef\\u9760\\uff0c\\u7a33\\u5b9a\\u7684\\u8fd0\\u884c\\u3002\"},{\"title\":\"\\u5e94\\u7528\\u6a21\\u5757\\u5316\",\"icon\":\"cubes\",\"content\":\"\\u63d0\\u51fa\\u5168\\u65b0\\u7684\\u5e94\\u7528\\u6a21\\u5f0f\\u8fdb\\u884c\\u6269\\u5c55\\uff0c\\u4e0d\\u7ba1\\u662f\\u4f60\\u5f00\\u53d1\\u4e00\\u4e2a\\u5c0f\\u529f\\u80fd\\u8fd8\\u662f\\u4e00\\u4e2a\\u5168\\u65b0\\u7684\\u7ad9\\u70b9\\uff0c\\u5728ThinkCMF\\u4e2d\\u4f60\\u53ea\\u662f\\u589e\\u52a0\\u4e86\\u4e00\\u4e2aAPP\\uff0c\\u6bcf\\u4e2a\\u72ec\\u7acb\\u8fd0\\u884c\\u4e92\\u4e0d\\u5f71\\u54cd\\uff0c\\u4fbf\\u4e8e\\u7075\\u6d3b\\u6269\\u5c55\\u548c\\u4e8c\\u6b21\\u5f00\\u53d1\\u3002\"},{\"title\":\"\\u514d\\u8d39\\u5f00\\u6e90\",\"icon\":\"certificate\",\"content\":\"\\u4ee3\\u7801\\u9075\\u5faaApache2\\u5f00\\u6e90\\u534f\\u8bae\\uff0c\\u514d\\u8d39\\u4f7f\\u7528\\uff0c\\u5bf9\\u5546\\u4e1a\\u7528\\u6237\\u4e5f\\u65e0\\u4efb\\u4f55\\u9650\\u5236\\u3002\"}],\"type\":\"array\",\"item\":{\"title\":{\"title\":\"\\u6807\\u9898\",\"value\":\"\",\"type\":\"text\",\"rule\":{\"require\":true}},\"icon\":{\"title\":\"\\u56fe\\u6807\",\"value\":\"\",\"type\":\"text\"},\"content\":{\"title\":\"\\u63cf\\u8ff0\",\"value\":\"\",\"type\":\"textarea\"}},\"tip\":\"\"}}},\"last_news\":{\"title\":\"\\u6700\\u65b0\\u8d44\\u8baf\",\"display\":\"1\",\"vars\":{\"last_news_category_id\":{\"title\":\"\\u6587\\u7ae0\\u5206\\u7c7bID\",\"value\":\"\",\"type\":\"text\",\"dataSource\":{\"api\":\"portal\\/Category\\/index\",\"multi\":true},\"placeholder\":\"\\u8bf7\\u9009\\u62e9\\u5206\\u7c7b\",\"tip\":\"\",\"rule\":{\"require\":true}}}}}}',`config_more`='{\"vars\":{\"top_slide\":{\"title\":\"\\u9876\\u90e8\\u5e7b\\u706f\\u7247\",\"value\":\"\",\"type\":\"text\",\"dataSource\":{\"api\":\"admin\\/Slide\\/index\",\"multi\":false},\"placeholder\":\"\\u8bf7\\u9009\\u62e9\\u9876\\u90e8\\u5e7b\\u706f\\u7247\",\"tip\":\"\\u9876\\u90e8\\u5e7b\\u706f\\u7247\",\"rule\":{\"require\":true}}},\"widgets\":{\"features\":{\"title\":\"\\u5feb\\u901f\\u4e86\\u89e3ThinkCMF\",\"display\":\"1\",\"vars\":{\"sub_title\":{\"title\":\"\\u526f\\u6807\\u9898\",\"value\":\"Quickly understand the ThinkCMF\",\"type\":\"text\",\"placeholder\":\"\\u8bf7\\u8f93\\u5165\\u526f\\u6807\\u9898\",\"tip\":\"\",\"rule\":{\"require\":true}},\"features\":{\"title\":\"\\u7279\\u6027\\u4ecb\\u7ecd\",\"value\":[{\"title\":\"MVC\\u5206\\u5c42\\u6a21\\u5f0f\",\"icon\":\"bars\",\"content\":\"\\u4f7f\\u7528MVC\\u5e94\\u7528\\u7a0b\\u5e8f\\u88ab\\u5206\\u6210\\u4e09\\u4e2a\\u6838\\u5fc3\\u90e8\\u4ef6\\uff1a\\u6a21\\u578b\\uff08M\\uff09\\u3001\\u89c6\\u56fe\\uff08V\\uff09\\u3001\\u63a7\\u5236\\u5668\\uff08C\\uff09\\uff0c\\u4ed6\\u4e0d\\u662f\\u4e00\\u4e2a\\u65b0\\u7684\\u6982\\u5ff5\\uff0c\\u53ea\\u662fThinkCMF\\u5c06\\u5176\\u53d1\\u6325\\u5230\\u4e86\\u6781\\u81f4\\u3002\"},{\"title\":\"\\u7528\\u6237\\u7ba1\\u7406\",\"icon\":\"group\",\"content\":\"ThinkCMF\\u5185\\u7f6e\\u4e86\\u7075\\u6d3b\\u7684\\u7528\\u6237\\u7ba1\\u7406\\u65b9\\u5f0f\\uff0c\\u5e76\\u53ef\\u76f4\\u63a5\\u4e0e\\u7b2c\\u4e09\\u65b9\\u7ad9\\u70b9\\u8fdb\\u884c\\u4e92\\u8054\\u4e92\\u901a\\uff0c\\u5982\\u679c\\u4f60\\u613f\\u610f\\u751a\\u81f3\\u53ef\\u4ee5\\u5bf9\\u5355\\u4e2a\\u7528\\u6237\\u6216\\u7fa4\\u4f53\\u7528\\u6237\\u7684\\u884c\\u4e3a\\u8fdb\\u884c\\u8bb0\\u5f55\\u53ca\\u5206\\u4eab\\uff0c\\u4e3a\\u60a8\\u7684\\u8fd0\\u8425\\u51b3\\u7b56\\u63d0\\u4f9b\\u6709\\u6548\\u53c2\\u8003\\u6570\\u636e\\u3002\"},{\"title\":\"\\u4e91\\u7aef\\u90e8\\u7f72\",\"icon\":\"cloud\",\"content\":\"\\u901a\\u8fc7\\u9a71\\u52a8\\u7684\\u65b9\\u5f0f\\u53ef\\u4ee5\\u8f7b\\u677e\\u652f\\u6301\\u4e91\\u5e73\\u53f0\\u7684\\u90e8\\u7f72\\uff0c\\u8ba9\\u4f60\\u7684\\u7f51\\u7ad9\\u65e0\\u7f1d\\u8fc1\\u79fb\\uff0c\\u5185\\u7f6e\\u5df2\\u7ecf\\u652f\\u6301SAE\\u3001BAE\\uff0c\\u6b63\\u5f0f\\u7248\\u5c06\\u5bf9\\u4e91\\u7aef\\u90e8\\u7f72\\u8fdb\\u884c\\u8fdb\\u4e00\\u6b65\\u4f18\\u5316\\u3002\"},{\"title\":\"\\u5b89\\u5168\\u7b56\\u7565\",\"icon\":\"heart\",\"content\":\"\\u63d0\\u4f9b\\u7684\\u7a33\\u5065\\u7684\\u5b89\\u5168\\u7b56\\u7565\\uff0c\\u5305\\u62ec\\u5907\\u4efd\\u6062\\u590d\\uff0c\\u5bb9\\u9519\\uff0c\\u9632\\u6cbb\\u6076\\u610f\\u653b\\u51fb\\u767b\\u9646\\uff0c\\u7f51\\u9875\\u9632\\u7be1\\u6539\\u7b49\\u591a\\u9879\\u5b89\\u5168\\u7ba1\\u7406\\u529f\\u80fd\\uff0c\\u4fdd\\u8bc1\\u7cfb\\u7edf\\u5b89\\u5168\\uff0c\\u53ef\\u9760\\uff0c\\u7a33\\u5b9a\\u7684\\u8fd0\\u884c\\u3002\"},{\"title\":\"\\u5e94\\u7528\\u6a21\\u5757\\u5316\",\"icon\":\"cubes\",\"content\":\"\\u63d0\\u51fa\\u5168\\u65b0\\u7684\\u5e94\\u7528\\u6a21\\u5f0f\\u8fdb\\u884c\\u6269\\u5c55\\uff0c\\u4e0d\\u7ba1\\u662f\\u4f60\\u5f00\\u53d1\\u4e00\\u4e2a\\u5c0f\\u529f\\u80fd\\u8fd8\\u662f\\u4e00\\u4e2a\\u5168\\u65b0\\u7684\\u7ad9\\u70b9\\uff0c\\u5728ThinkCMF\\u4e2d\\u4f60\\u53ea\\u662f\\u589e\\u52a0\\u4e86\\u4e00\\u4e2aAPP\\uff0c\\u6bcf\\u4e2a\\u72ec\\u7acb\\u8fd0\\u884c\\u4e92\\u4e0d\\u5f71\\u54cd\\uff0c\\u4fbf\\u4e8e\\u7075\\u6d3b\\u6269\\u5c55\\u548c\\u4e8c\\u6b21\\u5f00\\u53d1\\u3002\"},{\"title\":\"\\u514d\\u8d39\\u5f00\\u6e90\",\"icon\":\"certificate\",\"content\":\"\\u4ee3\\u7801\\u9075\\u5faaApache2\\u5f00\\u6e90\\u534f\\u8bae\\uff0c\\u514d\\u8d39\\u4f7f\\u7528\\uff0c\\u5bf9\\u5546\\u4e1a\\u7528\\u6237\\u4e5f\\u65e0\\u4efb\\u4f55\\u9650\\u5236\\u3002\"}],\"type\":\"array\",\"item\":{\"title\":{\"title\":\"\\u6807\\u9898\",\"value\":\"\",\"type\":\"text\",\"rule\":{\"require\":true}},\"icon\":{\"title\":\"\\u56fe\\u6807\",\"value\":\"\",\"type\":\"text\"},\"content\":{\"title\":\"\\u63cf\\u8ff0\",\"value\":\"\",\"type\":\"textarea\"}},\"tip\":\"\"}}},\"last_news\":{\"title\":\"\\u6700\\u65b0\\u8d44\\u8baf\",\"display\":\"1\",\"vars\":{\"last_news_category_id\":{\"title\":\"\\u6587\\u7ae0\\u5206\\u7c7bID\",\"value\":\"\",\"type\":\"text\",\"dataSource\":{\"api\":\"portal\\/Category\\/index\",\"multi\":true},\"placeholder\":\"\\u8bf7\\u9009\\u62e9\\u5206\\u7c7b\",\"tip\":\"\",\"rule\":{\"require\":true}}}}}}',`description`='首页模板文件',`is_public`=0,`list_order`=5  WHERE  `theme` = 'simpleboot3'  AND `file` = 'portal/index' [ RunTime:0.055826s ]
[ sql ] [ SQL ] SELECT * FROM `ztx_theme_file` WHERE  `theme` = 'simpleboot3'  AND `file` = 'portal/list' LIMIT 1 [ RunTime:0.000398s ]
[ sql ] [ SQL ] UPDATE `ztx_theme_file`  SET `theme`='simpleboot3',`action`='portal/List/index',`file`='portal/list',`name`='文章列表页',`more`='{\"vars\":[],\"widgets\":{\"hottest_articles\":{\"title\":\"\\u70ed\\u95e8\\u6587\\u7ae0\",\"display\":\"1\",\"vars\":{\"hottest_articles_category_id\":{\"title\":\"\\u6587\\u7ae0\\u5206\\u7c7bID\",\"value\":\"\",\"type\":\"text\",\"dataSource\":{\"api\":\"portal\\/category\\/index\",\"multi\":true},\"placeholder\":\"\\u8bf7\\u9009\\u62e9\\u5206\\u7c7b\",\"tip\":\"\",\"rule\":{\"require\":true}}}},\"last_articles\":{\"title\":\"\\u6700\\u65b0\\u53d1\\u5e03\",\"display\":\"1\",\"vars\":{\"last_articles_category_id\":{\"title\":\"\\u6587\\u7ae0\\u5206\\u7c7bID\",\"value\":\"\",\"type\":\"text\",\"dataSource\":{\"api\":\"portal\\/category\\/index\",\"multi\":true},\"placeholder\":\"\\u8bf7\\u9009\\u62e9\\u5206\\u7c7b\",\"tip\":\"\",\"rule\":{\"require\":true}}}}}}',`config_more`='{\"vars\":[],\"widgets\":{\"hottest_articles\":{\"title\":\"\\u70ed\\u95e8\\u6587\\u7ae0\",\"display\":\"1\",\"vars\":{\"hottest_articles_category_id\":{\"title\":\"\\u6587\\u7ae0\\u5206\\u7c7bID\",\"value\":\"\",\"type\":\"text\",\"dataSource\":{\"api\":\"portal\\/category\\/index\",\"multi\":true},\"placeholder\":\"\\u8bf7\\u9009\\u62e9\\u5206\\u7c7b\",\"tip\":\"\",\"rule\":{\"require\":true}}}},\"last_articles\":{\"title\":\"\\u6700\\u65b0\\u53d1\\u5e03\",\"display\":\"1\",\"vars\":{\"last_articles_category_id\":{\"title\":\"\\u6587\\u7ae0\\u5206\\u7c7bID\",\"value\":\"\",\"type\":\"text\",\"dataSource\":{\"api\":\"portal\\/category\\/index\",\"multi\":true},\"placeholder\":\"\\u8bf7\\u9009\\u62e9\\u5206\\u7c7b\",\"tip\":\"\",\"rule\":{\"require\":true}}}}}}',`description`='文章列表模板文件',`is_public`=0,`list_order`=10  WHERE  `theme` = 'simpleboot3'  AND `file` = 'portal/list' [ RunTime:0.002786s ]
[ sql ] [ SQL ] SELECT * FROM `ztx_theme_file` WHERE  `theme` = 'simpleboot3'  AND `file` = 'portal/page' LIMIT 1 [ RunTime:0.000240s ]
[ sql ] [ SQL ] UPDATE `ztx_theme_file`  SET `theme`='simpleboot3',`action`='portal/Page/index',`file`='portal/page',`name`='单页面',`more`='{\"widgets\":{\"hottest_articles\":{\"title\":\"\\u70ed\\u95e8\\u6587\\u7ae0\",\"display\":\"1\",\"vars\":{\"hottest_articles_category_id\":{\"title\":\"\\u6587\\u7ae0\\u5206\\u7c7bID\",\"value\":\"\",\"type\":\"text\",\"dataSource\":{\"api\":\"portal\\/category\\/index\",\"multi\":true},\"placeholder\":\"\\u8bf7\\u9009\\u62e9\\u5206\\u7c7b\",\"tip\":\"\",\"rule\":{\"require\":true}}}},\"last_articles\":{\"title\":\"\\u6700\\u65b0\\u53d1\\u5e03\",\"display\":\"1\",\"vars\":{\"last_articles_category_id\":{\"title\":\"\\u6587\\u7ae0\\u5206\\u7c7bID\",\"value\":\"\",\"type\":\"text\",\"dataSource\":{\"api\":\"portal\\/category\\/index\",\"multi\":true},\"placeholder\":\"\\u8bf7\\u9009\\u62e9\\u5206\\u7c7b\",\"tip\":\"\",\"rule\":{\"require\":true}}}}}}',`config_more`='{\"widgets\":{\"hottest_articles\":{\"title\":\"\\u70ed\\u95e8\\u6587\\u7ae0\",\"display\":\"1\",\"vars\":{\"hottest_articles_category_id\":{\"title\":\"\\u6587\\u7ae0\\u5206\\u7c7bID\",\"value\":\"\",\"type\":\"text\",\"dataSource\":{\"api\":\"portal\\/category\\/index\",\"multi\":true},\"placeholder\":\"\\u8bf7\\u9009\\u62e9\\u5206\\u7c7b\",\"tip\":\"\",\"rule\":{\"require\":true}}}},\"last_articles\":{\"title\":\"\\u6700\\u65b0\\u53d1\\u5e03\",\"display\":\"1\",\"vars\":{\"last_articles_category_id\":{\"title\":\"\\u6587\\u7ae0\\u5206\\u7c7bID\",\"value\":\"\",\"type\":\"text\",\"dataSource\":{\"api\":\"portal\\/category\\/index\",\"multi\":true},\"placeholder\":\"\\u8bf7\\u9009\\u62e9\\u5206\\u7c7b\",\"tip\":\"\",\"rule\":{\"require\":true}}}}}}',`description`='单页面模板文件',`is_public`=0,`list_order`=10  WHERE  `theme` = 'simpleboot3'  AND `file` = 'portal/page' [ RunTime:0.002108s ]
[ sql ] [ SQL ] SELECT * FROM `ztx_theme_file` WHERE  `theme` = 'simpleboot3'  AND `file` = 'portal/search' LIMIT 1 [ RunTime:0.000213s ]
[ sql ] [ SQL ] UPDATE `ztx_theme_file`  SET `theme`='simpleboot3',`action`='portal/search/index',`file`='portal/search',`name`='搜索页面',`more`='{\"vars\":{\"varName1\":{\"title\":\"\\u70ed\\u95e8\\u641c\\u7d22\",\"value\":\"1\",\"type\":\"text\",\"tip\":\"\\u8fd9\\u662f\\u4e00\\u4e2atext\",\"rule\":{\"require\":true}}}}',`config_more`='{\"vars\":{\"varName1\":{\"title\":\"\\u70ed\\u95e8\\u641c\\u7d22\",\"value\":\"1\",\"type\":\"text\",\"tip\":\"\\u8fd9\\u662f\\u4e00\\u4e2atext\",\"rule\":{\"require\":true}}}}',`description`='搜索模板文件',`is_public`=0,`list_order`=10  WHERE  `theme` = 'simpleboot3'  AND `file` = 'portal/search' [ RunTime:0.002070s ]
[ sql ] [ SQL ] SELECT * FROM `ztx_theme_file` WHERE  `theme` = 'simpleboot3'  AND `file` = 'public/config' LIMIT 1 [ RunTime:0.000209s ]
[ sql ] [ SQL ] UPDATE `ztx_theme_file`  SET `theme`='simpleboot3',`action`='public/Config',`file`='public/config',`name`='模板全局配置',`more`='{\"vars\":{\"enable_mobile\":{\"title\":\"\\u624b\\u673a\\u6ce8\\u518c\",\"value\":1,\"type\":\"select\",\"options\":{\"1\":\"\\u5f00\\u542f\",\"0\":\"\\u5173\\u95ed\"},\"tip\":\"\"}}}',`config_more`='{\"vars\":{\"enable_mobile\":{\"title\":\"\\u624b\\u673a\\u6ce8\\u518c\",\"value\":1,\"type\":\"select\",\"options\":{\"1\":\"\\u5f00\\u542f\",\"0\":\"\\u5173\\u95ed\"},\"tip\":\"\"}}}',`description`='模板全局配置文件',`is_public`=1,`list_order`=0  WHERE  `theme` = 'simpleboot3'  AND `file` = 'public/config' [ RunTime:0.002205s ]
[ sql ] [ SQL ] SELECT * FROM `ztx_theme_file` WHERE  `theme` = 'simpleboot3'  AND `file` = 'public/nav' LIMIT 1 [ RunTime:0.000198s ]
[ sql ] [ SQL ] UPDATE `ztx_theme_file`  SET `theme`='simpleboot3',`action`='public/Nav',`file`='public/nav',`name`='导航条',`more`='{\"vars\":{\"company_name\":{\"title\":\"\\u516c\\u53f8\\u540d\\u79f0\",\"name\":\"company_name\",\"value\":\"ThinkCMF\",\"type\":\"text\",\"tip\":\"\",\"rule\":[]}}}',`config_more`='{\"vars\":{\"company_name\":{\"title\":\"\\u516c\\u53f8\\u540d\\u79f0\",\"name\":\"company_name\",\"value\":\"ThinkCMF\",\"type\":\"text\",\"tip\":\"\",\"rule\":[]}}}',`description`='导航条模板文件',`is_public`=1,`list_order`=1  WHERE  `theme` = 'simpleboot3'  AND `file` = 'public/nav' [ RunTime:0.002012s ]
[ sql ] [ SQL ] SELECT * FROM `ztx_theme_file` WHERE  `theme` = 'simpleboot3' [ RunTime:0.000210s ]
[ sql ] [ SQL ] SHOW COLUMNS FROM `ztx_theme` [ RunTime:0.000667s ]
[ sql ] [ SQL ] UPDATE `ztx_theme`  SET `name`='simpleboot3',`version`='1.0.2',`demo_url`='http://demo.thinkcmf.com',`author`='ThinkCMF',`lang`='zh-cn',`author_url`='http://www.thinkcmf.com',`keywords`='ThinkCMF模板',`description`='ThinkCMF默认模板'  WHERE  `theme` = 'simpleboot3' [ RunTime:0.002544s ]
[ sql ] [ SQL ] SELECT `more` FROM `ztx_theme_file` WHERE  `theme` = 'simpleboot3'  AND (  `is_public` = 1 OR `file` = 'portal/index' ) [ RunTime:0.000176s ]
[ sql ] [ SQL ] SHOW COLUMNS FROM `ztx_nav` [ RunTime:0.000555s ]
[ sql ] [ SQL ] SELECT `id` FROM `ztx_nav` WHERE  `is_main` = 1 LIMIT 1 [ RunTime:0.000166s ]
[ sql ] [ SQL ] SHOW COLUMNS FROM `ztx_nav_menu` [ RunTime:0.000450s ]
[ sql ] [ SQL ] SELECT * FROM `ztx_nav_menu` WHERE  `nav_id` = 1  AND `status` = 1 ORDER BY `list_order` ASC [ RunTime:0.000150s ]
[ sql ] [ SQL ] SHOW COLUMNS FROM `ztx_slide` [ RunTime:0.000478s ]
[ sql ] [ SQL ] SELECT COUNT(*) AS tp_count FROM `ztx_slide` WHERE  `id` = 1  AND `status` = 1  AND `delete_time` = 0 LIMIT 1 [ RunTime:0.000158s ]
[ sql ] [ SQL ] SHOW COLUMNS FROM `ztx_portal_post` [ RunTime:0.000552s ]
[ sql ] [ SQL ] SELECT post.*,min(category_post.category_id) as category_id FROM `ztx_portal_post` `post` INNER JOIN `ztx_portal_category_post` `category_post` ON `post`.`id`=`category_post`.`post_id` WHERE  ( `post`.`published_time` >  '0' AND `post`.`published_time` < 1535923744 )  AND `post`.`post_status` = 1  AND `post`.`post_type` = 1  AND `post`.`delete_time` = 0  AND `category_post`.`category_id` = '1' GROUP BY `post`.`id` ORDER BY `post`.`published_time` DESC LIMIT 4 [ RunTime:0.000593s ]
[ sql ] [ SQL ] SHOW COLUMNS FROM `ztx_link` [ RunTime:0.000482s ]
[ sql ] [ SQL ] SELECT * FROM `ztx_link` WHERE  `status` = 1 ORDER BY `list_order` ASC [ RunTime:0.000150s ]
---------------------------------------------------------------
[ 2018-09-03T12:30:23+08:00 ] 59.36.132.222 GET /errpage/400.html
[ info ] ztx.hfxyzq.cn/errpage/400.html [运行时间：0.018608s][吞吐率：53.74req/s] [内存消耗：2,391.21kb] [文件加载：54]
[ info ] [ CACHE ] INIT File
[ info ] [ BEHAVIOR ] Run cmf\behavior\InitHookBehavior @app_init [ RunTime:0.001412s ]
[ info ] [ LANG ] /www/web/ztx_hfxyzq_cn/public_html/simplewind/thinkphp/lang/zh-cn.php
[ info ] [ ROUTE ] array (
  'type' => 'module',
  'module' => 
  array (
    0 => 'errpage',
    1 => '400',
    2 => NULL,
  ),
)
[ info ] [ HEADER ] array (
  'host' => 'ztx.hfxyzq.cn',
  'x-real-ip' => '59.36.132.222',
  'connection' => 'close',
)
[ info ] [ PARAM ] array (
)
[ info ] [ LANG ] /www/web/ztx_hfxyzq_cn/public_html/public/../simplewind/cmf/lang/zh-cn.php
[ info ] [ LANG ] /www/web/ztx_hfxyzq_cn/public_html/public/../app/admin/lang/zh-cn/common.php
[ info ] [ LANG ] /www/web/ztx_hfxyzq_cn/public_html/public/../app/portal/lang/zh-cn/common.php
[ info ] [ BEHAVIOR ] Run cmf\behavior\LangBehavior @app_begin [ RunTime:0.000336s ]
[ info ] [ LOG ] INIT File
---------------------------------------------------------------
[ 2018-09-03T16:34:05+08:00 ] 117.136.100.10 GET /portal/wx/banner?bid=1
[ info ] ztx.hfxyzq.cn/portal/wx/banner?bid=1 [运行时间：0.028673s][吞吐率：34.88req/s] [内存消耗：3,837.06kb] [文件加载：60]
[ info ] [ CACHE ] INIT File
[ info ] [ BEHAVIOR ] Run cmf\behavior\InitHookBehavior @app_init [ RunTime:0.001483s ]
[ info ] [ LANG ] /www/web/ztx_hfxyzq_cn/public_html/simplewind/thinkphp/lang/zh-cn.php
[ info ] [ ROUTE ] array (
  'type' => 'module',
  'module' => 
  array (
    0 => 'portal',
    1 => 'wx',
    2 => 'banner',
  ),
)
[ info ] [ HEADER ] array (
  'host' => 'ztx.hfxyzq.cn',
  'referer' => 'https://servicewechat.com/wxbc9f185b34f2dc64/0/page-frame.html',
  'x-real-ip' => '117.136.100.10',
  'connection' => 'close',
  'charset' => 'utf-8',
  'content-type' => 'application/json',
  'user-agent' => 'Mozilla/5.0 (Linux; Android 8.1.0; ALP-TL00 Build/HUAWEIALP-TL00; wv) AppleWebKit/537.36 (KHTML, like Gecko) Version/4.0 Chrome/66.0.3359.126 Mobile Safari/537.36 MicroMessenger/6.7.2.1340(0x26070239) NetType/4G Language/zh_CN',
)
[ info ] [ PARAM ] array (
  'bid' => '1',
)
[ info ] [ LANG ] /www/web/ztx_hfxyzq_cn/public_html/public/../simplewind/cmf/lang/zh-cn.php
[ info ] [ LANG ] /www/web/ztx_hfxyzq_cn/public_html/public/../app/admin/lang/zh-cn/common.php
[ info ] [ LANG ] /www/web/ztx_hfxyzq_cn/public_html/public/../app/portal/lang/zh-cn/common.php
[ info ] [ BEHAVIOR ] Run cmf\behavior\LangBehavior @app_begin [ RunTime:0.000344s ]
[ info ] [ LANG ] /www/web/ztx_hfxyzq_cn/public_html/public/../app/portal/lang/zh-cn.php
[ info ] [ RUN ] app\portal\controller\WxController->banner[ /www/web/ztx_hfxyzq_cn/public_html/app/portal/controller/WxController.php ]
[ info ] [ DB ] INIT mysql
[ info ] [ LOG ] INIT File
[ sql ] [ DB ] CONNECT:[ UseTime:0.000534s ] mysql:host=127.0.0.1;port=3306;dbname=ztx;charset=utf8mb4
[ sql ] [ SQL ] SHOW COLUMNS FROM `ztx_banner` [ RunTime:0.000624s ]
[ sql ] [ SQL ] SELECT * FROM `ztx_banner` WHERE  `bid` = 1 LIMIT 1 [ RunTime:0.000179s ]
[ sql ] [ SQL ] SHOW COLUMNS FROM `ztx_option` [ RunTime:0.000482s ]
[ sql ] [ SQL ] SELECT `option_value` FROM `ztx_option` WHERE  `option_name` = 'storage' LIMIT 1 [ RunTime:0.000145s ]
---------------------------------------------------------------
[ 2018-09-03T16:34:05+08:00 ] 117.136.100.10 GET /portal/wx/category
[ info ] ztx.hfxyzq.cn/portal/wx/category [运行时间：0.035208s][吞吐率：28.40req/s] [内存消耗：3,816.92kb] [文件加载：59]
[ info ] [ CACHE ] INIT File
[ info ] [ BEHAVIOR ] Run cmf\behavior\InitHookBehavior @app_init [ RunTime:0.001462s ]
[ info ] [ LANG ] /www/web/ztx_hfxyzq_cn/public_html/simplewind/thinkphp/lang/zh-cn.php
[ info ] [ ROUTE ] array (
  'type' => 'module',
  'module' => 
  array (
    0 => 'portal',
    1 => 'wx',
    2 => 'category',
  ),
)
[ info ] [ HEADER ] array (
  'host' => 'ztx.hfxyzq.cn',
  'referer' => 'https://servicewechat.com/wxbc9f185b34f2dc64/0/page-frame.html',
  'x-real-ip' => '117.136.100.10',
  'connection' => 'close',
  'charset' => 'utf-8',
  'content-type' => 'application/json',
  'user-agent' => 'Mozilla/5.0 (Linux; Android 8.1.0; ALP-TL00 Build/HUAWEIALP-TL00; wv) AppleWebKit/537.36 (KHTML, like Gecko) Version/4.0 Chrome/66.0.3359.126 Mobile Safari/537.36 MicroMessenger/6.7.2.1340(0x26070239) NetType/4G Language/zh_CN',
)
[ info ] [ PARAM ] array (
)
[ info ] [ LANG ] /www/web/ztx_hfxyzq_cn/public_html/public/../simplewind/cmf/lang/zh-cn.php
[ info ] [ LANG ] /www/web/ztx_hfxyzq_cn/public_html/public/../app/admin/lang/zh-cn/common.php
[ info ] [ LANG ] /www/web/ztx_hfxyzq_cn/public_html/public/../app/portal/lang/zh-cn/common.php
[ info ] [ BEHAVIOR ] Run cmf\behavior\LangBehavior @app_begin [ RunTime:0.000347s ]
[ info ] [ LANG ] /www/web/ztx_hfxyzq_cn/public_html/public/../app/portal/lang/zh-cn.php
[ info ] [ RUN ] app\portal\controller\WxController->category[ /www/web/ztx_hfxyzq_cn/public_html/app/portal/controller/WxController.php ]
[ info ] [ DB ] INIT mysql
[ info ] [ LOG ] INIT File
[ sql ] [ DB ] CONNECT:[ UseTime:0.000284s ] mysql:host=127.0.0.1;port=3306;dbname=ztx;charset=utf8mb4
[ sql ] [ SQL ] SHOW COLUMNS FROM `ztx_category` [ RunTime:0.000553s ]
[ sql ] [ SQL ] SELECT * FROM `ztx_category` [ RunTime:0.000155s ]
---------------------------------------------------------------
[ 2018-09-03T16:34:05+08:00 ] 117.136.100.10 GET /portal/wx/activeCategory?cid=1&openid=o0pzM4l6jk_vD2YLlz7JJIMreD9c
[ info ] ztx.hfxyzq.cn/portal/wx/activeCategory?cid=1&openid=o0pzM4l6jk_vD2YLlz7JJIMreD9c [运行时间：0.036164s][吞吐率：27.65req/s] [内存消耗：3,865.81kb] [文件加载：59]
[ info ] [ CACHE ] INIT File
[ info ] [ BEHAVIOR ] Run cmf\behavior\InitHookBehavior @app_init [ RunTime:0.001559s ]
[ info ] [ LANG ] /www/web/ztx_hfxyzq_cn/public_html/simplewind/thinkphp/lang/zh-cn.php
[ info ] [ ROUTE ] array (
  'type' => 'module',
  'module' => 
  array (
    0 => 'portal',
    1 => 'wx',
    2 => 'activeCategory',
  ),
)
[ info ] [ HEADER ] array (
  'host' => 'ztx.hfxyzq.cn',
  'referer' => 'https://servicewechat.com/wxbc9f185b34f2dc64/0/page-frame.html',
  'x-real-ip' => '117.136.100.10',
  'connection' => 'close',
  'charset' => 'utf-8',
  'content-type' => 'application/json',
  'user-agent' => 'Mozilla/5.0 (Linux; Android 8.1.0; ALP-TL00 Build/HUAWEIALP-TL00; wv) AppleWebKit/537.36 (KHTML, like Gecko) Version/4.0 Chrome/66.0.3359.126 Mobile Safari/537.36 MicroMessenger/6.7.2.1340(0x26070239) NetType/4G Language/zh_CN',
)
[ info ] [ PARAM ] array (
  'cid' => '1',
  'openid' => 'o0pzM4l6jk_vD2YLlz7JJIMreD9c',
)
[ info ] [ LANG ] /www/web/ztx_hfxyzq_cn/public_html/public/../simplewind/cmf/lang/zh-cn.php
[ info ] [ LANG ] /www/web/ztx_hfxyzq_cn/public_html/public/../app/admin/lang/zh-cn/common.php
[ info ] [ LANG ] /www/web/ztx_hfxyzq_cn/public_html/public/../app/portal/lang/zh-cn/common.php
[ info ] [ BEHAVIOR ] Run cmf\behavior\LangBehavior @app_begin [ RunTime:0.000367s ]
[ info ] [ LANG ] /www/web/ztx_hfxyzq_cn/public_html/public/../app/portal/lang/zh-cn.php
[ info ] [ RUN ] app\portal\controller\WxController->activeCategory[ /www/web/ztx_hfxyzq_cn/public_html/app/portal/controller/WxController.php ]
[ info ] [ DB ] INIT mysql
[ info ] [ LOG ] INIT File
[ sql ] [ DB ] CONNECT:[ UseTime:0.000392s ] mysql:host=127.0.0.1;port=3306;dbname=ztx;charset=utf8mb4
[ sql ] [ SQL ] SHOW COLUMNS FROM `ztx_custom` [ RunTime:0.000701s ]
[ sql ] [ SQL ] SELECT * FROM `ztx_custom` WHERE  `wx_openid` = 'o0pzM4l6jk_vD2YLlz7JJIMreD9c' LIMIT 1 [ RunTime:0.000399s ]
[ sql ] [ SQL ] SELECT a.pid,a.plove,a.pprice,a.pwork,a.pname,a.ptitle,a.pimg,a.pdetail,a.pextend,b.laid,c.opid FROM (SELECT * from ztx_active where pcategory ='1') a LEFT JOIN (select * from ztx_love WHERE luid='90') b on b.laid = a.pid LEFT JOIN (SELECT * FROM ztx_order where ouid ='90') c on c.opid =a.pid GROUP BY a.pid; [ RunTime:0.000577s ]
---------------------------------------------------------------
[ 2018-09-03T16:34:05+08:00 ] 117.136.100.10 GET /portal/wx/wxData?code=011y6Vo600NeWI1kHPq60yP2p60y6Voj
[ info ] ztx.hfxyzq.cn/portal/wx/wxData?code=011y6Vo600NeWI1kHPq60yP2p60y6Voj [运行时间：0.238106s][吞吐率：4.20req/s] [内存消耗：2,364.99kb] [文件加载：50]
[ info ] [ CACHE ] INIT File
[ info ] [ BEHAVIOR ] Run cmf\behavior\InitHookBehavior @app_init [ RunTime:0.001455s ]
[ info ] [ LANG ] /www/web/ztx_hfxyzq_cn/public_html/simplewind/thinkphp/lang/zh-cn.php
[ info ] [ ROUTE ] array (
  'type' => 'module',
  'module' => 
  array (
    0 => 'portal',
    1 => 'wx',
    2 => 'wxData',
  ),
)
[ info ] [ HEADER ] array (
  'host' => 'ztx.hfxyzq.cn',
  'referer' => 'https://servicewechat.com/wxbc9f185b34f2dc64/0/page-frame.html',
  'x-real-ip' => '117.136.100.10',
  'connection' => 'close',
  'charset' => 'utf-8',
  'content-type' => 'application/json',
  'user-agent' => 'Mozilla/5.0 (Linux; Android 8.1.0; ALP-TL00 Build/HUAWEIALP-TL00; wv) AppleWebKit/537.36 (KHTML, like Gecko) Version/4.0 Chrome/66.0.3359.126 Mobile Safari/537.36 MicroMessenger/6.7.2.1340(0x26070239) NetType/4G Language/zh_CN',
)
[ info ] [ PARAM ] array (
  'code' => '011y6Vo600NeWI1kHPq60yP2p60y6Voj',
)
[ info ] [ LANG ] /www/web/ztx_hfxyzq_cn/public_html/public/../simplewind/cmf/lang/zh-cn.php
[ info ] [ LANG ] /www/web/ztx_hfxyzq_cn/public_html/public/../app/admin/lang/zh-cn/common.php
[ info ] [ LANG ] /www/web/ztx_hfxyzq_cn/public_html/public/../app/portal/lang/zh-cn/common.php
[ info ] [ BEHAVIOR ] Run cmf\behavior\LangBehavior @app_begin [ RunTime:0.000385s ]
[ info ] [ LANG ] /www/web/ztx_hfxyzq_cn/public_html/public/../app/portal/lang/zh-cn.php
[ info ] [ RUN ] app\portal\controller\WxController->wxData[ /www/web/ztx_hfxyzq_cn/public_html/app/portal/controller/WxController.php ]
[ info ] [ LOG ] INIT File
---------------------------------------------------------------
[ 2018-09-03T16:34:06+08:00 ] 117.136.100.10 GET /portal/wx/infoAdd?nickname=%E5%89%8D%E5%B8%8509&avatar=https%3A%2F%2Fwx.qlogo.cn%2Fmmopen%2Fvi_32%2FQ0j4TwGTfTKgyMxia5HPxMMhz8khT79bL6Olfvib9edupUvKgYgkicxyia5aySG0pNJQAb41XXhdBVygXAgiboOyicvQ%2F132&openid=o0pzM4l6jk_vD2YLlz7JJIMreD9c
[ info ] ztx.hfxyzq.cn/portal/wx/infoAdd?nickname=%E5%89%8D%E5%B8%8509&avatar=https%3A%2F%2Fwx.qlogo.cn%2Fmmopen%2Fvi_32%2FQ0j4TwGTfTKgyMxia5HPxMMhz8khT79bL6Olfvib9edupUvKgYgkicxyia5aySG0pNJQAb41XXhdBVygXAgiboOyicvQ%2F132&openid=o0pzM4l6jk_vD2YLlz7JJIMreD9c [运行时间：0.028106s][吞吐率：35.58req/s] [内存消耗：3,815.36kb] [文件加载：58]
[ info ] [ CACHE ] INIT File
[ info ] [ BEHAVIOR ] Run cmf\behavior\InitHookBehavior @app_init [ RunTime:0.001477s ]
[ info ] [ LANG ] /www/web/ztx_hfxyzq_cn/public_html/simplewind/thinkphp/lang/zh-cn.php
[ info ] [ ROUTE ] array (
  'type' => 'module',
  'module' => 
  array (
    0 => 'portal',
    1 => 'wx',
    2 => 'infoAdd',
  ),
)
[ info ] [ HEADER ] array (
  'host' => 'ztx.hfxyzq.cn',
  'referer' => 'https://servicewechat.com/wxbc9f185b34f2dc64/0/page-frame.html',
  'x-real-ip' => '117.136.100.10',
  'connection' => 'close',
  'charset' => 'utf-8',
  'content-type' => 'application/json',
  'user-agent' => 'Mozilla/5.0 (Linux; Android 8.1.0; ALP-TL00 Build/HUAWEIALP-TL00; wv) AppleWebKit/537.36 (KHTML, like Gecko) Version/4.0 Chrome/66.0.3359.126 Mobile Safari/537.36 MicroMessenger/6.7.2.1340(0x26070239) NetType/4G Language/zh_CN',
)
[ info ] [ PARAM ] array (
  'nickname' => '前帅09',
  'avatar' => 'https://wx.qlogo.cn/mmopen/vi_32/Q0j4TwGTfTKgyMxia5HPxMMhz8khT79bL6Olfvib9edupUvKgYgkicxyia5aySG0pNJQAb41XXhdBVygXAgiboOyicvQ/132',
  'openid' => 'o0pzM4l6jk_vD2YLlz7JJIMreD9c',
)
[ info ] [ LANG ] /www/web/ztx_hfxyzq_cn/public_html/public/../simplewind/cmf/lang/zh-cn.php
[ info ] [ LANG ] /www/web/ztx_hfxyzq_cn/public_html/public/../app/admin/lang/zh-cn/common.php
[ info ] [ LANG ] /www/web/ztx_hfxyzq_cn/public_html/public/../app/portal/lang/zh-cn/common.php
[ info ] [ BEHAVIOR ] Run cmf\behavior\LangBehavior @app_begin [ RunTime:0.000348s ]
[ info ] [ LANG ] /www/web/ztx_hfxyzq_cn/public_html/public/../app/portal/lang/zh-cn.php
[ info ] [ RUN ] app\portal\controller\WxController->infoAdd[ /www/web/ztx_hfxyzq_cn/public_html/app/portal/controller/WxController.php ]
[ info ] [ DB ] INIT mysql
[ info ] [ LOG ] INIT File
[ sql ] [ DB ] CONNECT:[ UseTime:0.000461s ] mysql:host=127.0.0.1;port=3306;dbname=ztx;charset=utf8mb4
[ sql ] [ SQL ] SHOW COLUMNS FROM `ztx_custom` [ RunTime:0.000723s ]
[ sql ] [ SQL ] SELECT * FROM `ztx_custom` WHERE  `wx_openid` = 'o0pzM4l6jk_vD2YLlz7JJIMreD9c' LIMIT 1 [ RunTime:0.000272s ]
---------------------------------------------------------------
[ 2018-09-03T16:34:16+08:00 ] 117.136.100.10 GET /portal/wx/userStatus?openid=o0pzM4l6jk_vD2YLlz7JJIMreD9c
[ info ] ztx.hfxyzq.cn/portal/wx/userStatus?openid=o0pzM4l6jk_vD2YLlz7JJIMreD9c [运行时间：0.037734s][吞吐率：26.50req/s] [内存消耗：3,862.42kb] [文件加载：59]
[ info ] [ CACHE ] INIT File
[ info ] [ BEHAVIOR ] Run cmf\behavior\InitHookBehavior @app_init [ RunTime:0.001535s ]
[ info ] [ LANG ] /www/web/ztx_hfxyzq_cn/public_html/simplewind/thinkphp/lang/zh-cn.php
[ info ] [ ROUTE ] array (
  'type' => 'module',
  'module' => 
  array (
    0 => 'portal',
    1 => 'wx',
    2 => 'userStatus',
  ),
)
[ info ] [ HEADER ] array (
  'host' => 'ztx.hfxyzq.cn',
  'referer' => 'https://servicewechat.com/wxbc9f185b34f2dc64/0/page-frame.html',
  'x-real-ip' => '117.136.100.10',
  'connection' => 'close',
  'charset' => 'utf-8',
  'content-type' => 'application/json',
  'user-agent' => 'Mozilla/5.0 (Linux; Android 8.1.0; ALP-TL00 Build/HUAWEIALP-TL00; wv) AppleWebKit/537.36 (KHTML, like Gecko) Version/4.0 Chrome/66.0.3359.126 Mobile Safari/537.36 MicroMessenger/6.7.2.1340(0x26070239) NetType/4G Language/zh_CN',
)
[ info ] [ PARAM ] array (
  'openid' => 'o0pzM4l6jk_vD2YLlz7JJIMreD9c',
)
[ info ] [ LANG ] /www/web/ztx_hfxyzq_cn/public_html/public/../simplewind/cmf/lang/zh-cn.php
[ info ] [ LANG ] /www/web/ztx_hfxyzq_cn/public_html/public/../app/admin/lang/zh-cn/common.php
[ info ] [ LANG ] /www/web/ztx_hfxyzq_cn/public_html/public/../app/portal/lang/zh-cn/common.php
[ info ] [ BEHAVIOR ] Run cmf\behavior\LangBehavior @app_begin [ RunTime:0.000363s ]
[ info ] [ LANG ] /www/web/ztx_hfxyzq_cn/public_html/public/../app/portal/lang/zh-cn.php
[ info ] [ RUN ] app\portal\controller\WxController->userStatus[ /www/web/ztx_hfxyzq_cn/public_html/app/portal/controller/WxController.php ]
[ info ] [ DB ] INIT mysql
[ info ] [ LOG ] INIT File
[ sql ] [ DB ] CONNECT:[ UseTime:0.008468s ] mysql:host=127.0.0.1;port=3306;dbname=ztx;charset=utf8mb4
[ sql ] [ SQL ] SHOW COLUMNS FROM `ztx_custom` [ RunTime:0.000792s ]
[ sql ] [ SQL ] SELECT * FROM `ztx_custom` WHERE  `wx_openid` = 'o0pzM4l6jk_vD2YLlz7JJIMreD9c' LIMIT 1 [ RunTime:0.000255s ]
[ sql ] [ SQL ] SHOW COLUMNS FROM `ztx_join` [ RunTime:0.000551s ]
[ sql ] [ SQL ] SELECT * FROM `ztx_join` WHERE  `juid` = 90 LIMIT 1 [ RunTime:0.000158s ]
---------------------------------------------------------------
[ 2018-09-03T16:36:49+08:00 ] 5.188.210.12 GET /errpage/400.html
[ info ] ztx.hfxyzq.cn/errpage/400.html [运行时间：0.019949s][吞吐率：50.13req/s] [内存消耗：2,391.21kb] [文件加载：54]
[ info ] [ CACHE ] INIT File
[ info ] [ BEHAVIOR ] Run cmf\behavior\InitHookBehavior @app_init [ RunTime:0.001658s ]
[ info ] [ LANG ] /www/web/ztx_hfxyzq_cn/public_html/simplewind/thinkphp/lang/zh-cn.php
[ info ] [ ROUTE ] array (
  'type' => 'module',
  'module' => 
  array (
    0 => 'errpage',
    1 => '400',
    2 => NULL,
  ),
)
[ info ] [ HEADER ] array (
  'host' => 'ztx.hfxyzq.cn',
  'x-real-ip' => '5.188.210.12',
  'connection' => 'close',
)
[ info ] [ PARAM ] array (
)
[ info ] [ LANG ] /www/web/ztx_hfxyzq_cn/public_html/public/../simplewind/cmf/lang/zh-cn.php
[ info ] [ LANG ] /www/web/ztx_hfxyzq_cn/public_html/public/../app/admin/lang/zh-cn/common.php
[ info ] [ LANG ] /www/web/ztx_hfxyzq_cn/public_html/public/../app/portal/lang/zh-cn/common.php
[ info ] [ BEHAVIOR ] Run cmf\behavior\LangBehavior @app_begin [ RunTime:0.000350s ]
[ info ] [ LOG ] INIT File
---------------------------------------------------------------
[ 2018-09-03T16:41:06+08:00 ] 5.188.210.12 GET /errpage/400.html
[ info ] ztx.hfxyzq.cn/errpage/400.html [运行时间：0.018853s][吞吐率：53.04req/s] [内存消耗：2,391.23kb] [文件加载：54]
[ info ] [ CACHE ] INIT File
[ info ] [ BEHAVIOR ] Run cmf\behavior\InitHookBehavior @app_init [ RunTime:0.001436s ]
[ info ] [ LANG ] /www/web/ztx_hfxyzq_cn/public_html/simplewind/thinkphp/lang/zh-cn.php
[ info ] [ ROUTE ] array (
  'type' => 'module',
  'module' => 
  array (
    0 => 'errpage',
    1 => '400',
    2 => NULL,
  ),
)
[ info ] [ HEADER ] array (
  'host' => 'ztx.hfxyzq.cn',
  'x-real-ip' => '5.188.210.12',
  'connection' => 'close',
)
[ info ] [ PARAM ] array (
)
[ info ] [ LANG ] /www/web/ztx_hfxyzq_cn/public_html/public/../simplewind/cmf/lang/zh-cn.php
[ info ] [ LANG ] /www/web/ztx_hfxyzq_cn/public_html/public/../app/admin/lang/zh-cn/common.php
[ info ] [ LANG ] /www/web/ztx_hfxyzq_cn/public_html/public/../app/portal/lang/zh-cn/common.php
[ info ] [ BEHAVIOR ] Run cmf\behavior\LangBehavior @app_begin [ RunTime:0.000358s ]
[ info ] [ LOG ] INIT File
---------------------------------------------------------------
[ 2018-09-03T17:22:44+08:00 ] 59.36.132.222 GET /errpage/400.html
[ info ] ztx.hfxyzq.cn/errpage/400.html [运行时间：0.020918s][吞吐率：47.81req/s] [内存消耗：2,391.21kb] [文件加载：54]
[ info ] [ CACHE ] INIT File
[ info ] [ BEHAVIOR ] Run cmf\behavior\InitHookBehavior @app_init [ RunTime:0.001684s ]
[ info ] [ LANG ] /www/web/ztx_hfxyzq_cn/public_html/simplewind/thinkphp/lang/zh-cn.php
[ info ] [ ROUTE ] array (
  'type' => 'module',
  'module' => 
  array (
    0 => 'errpage',
    1 => '400',
    2 => NULL,
  ),
)
[ info ] [ HEADER ] array (
  'host' => 'ztx.hfxyzq.cn',
  'x-real-ip' => '59.36.132.222',
  'connection' => 'close',
)
[ info ] [ PARAM ] array (
)
[ info ] [ LANG ] /www/web/ztx_hfxyzq_cn/public_html/public/../simplewind/cmf/lang/zh-cn.php
[ info ] [ LANG ] /www/web/ztx_hfxyzq_cn/public_html/public/../app/admin/lang/zh-cn/common.php
[ info ] [ LANG ] /www/web/ztx_hfxyzq_cn/public_html/public/../app/portal/lang/zh-cn/common.php
[ info ] [ BEHAVIOR ] Run cmf\behavior\LangBehavior @app_begin [ RunTime:0.000373s ]
[ info ] [ LOG ] INIT File
