---------------------------------------------------------------
[ 2018-09-21T17:01:06+08:00 ] 113.96.223.207 GET /errpage/400.html
[ info ] ztx.hfxyzq.cn/errpage/400.html [运行时间：0.021531s][吞吐率：46.44req/s] [内存消耗：2,391.55kb] [文件加载：54]
[ info ] [ CACHE ] INIT File
[ info ] [ BEHAVIOR ] Run cmf\behavior\InitHookBehavior @app_init [ RunTime:0.001555s ]
[ info ] [ LANG ] /www/web/ztx_hfxyzq_cn/public_html/simplewind/thinkphp/lang/zh-cn.php
[ info ] [ ROUTE ] array (
  'type' => 'module',
  'module' => 
  array (
    0 => 'errpage',
    1 => '400',
    2 => NULL,
  ),
)
[ info ] [ HEADER ] array (
  'host' => 'ztx.hfxyzq.cn',
  'x-real-ip' => '113.96.223.207',
  'connection' => 'close',
)
[ info ] [ PARAM ] array (
)
[ info ] [ LANG ] /www/web/ztx_hfxyzq_cn/public_html/public/../simplewind/cmf/lang/zh-cn.php
[ info ] [ LANG ] /www/web/ztx_hfxyzq_cn/public_html/public/../app/admin/lang/zh-cn/common.php
[ info ] [ LANG ] /www/web/ztx_hfxyzq_cn/public_html/public/../app/portal/lang/zh-cn/common.php
[ info ] [ BEHAVIOR ] Run cmf\behavior\LangBehavior @app_begin [ RunTime:0.000378s ]
[ info ] [ LOG ] INIT File
---------------------------------------------------------------
[ 2018-09-21T17:01:06+08:00 ] 113.96.223.207 GET /errpage/400.html
[ info ] ztx.hfxyzq.cn/errpage/400.html [运行时间：0.018281s][吞吐率：54.70req/s] [内存消耗：2,391.22kb] [文件加载：54]
[ info ] [ CACHE ] INIT File
[ info ] [ BEHAVIOR ] Run cmf\behavior\InitHookBehavior @app_init [ RunTime:0.001478s ]
[ info ] [ LANG ] /www/web/ztx_hfxyzq_cn/public_html/simplewind/thinkphp/lang/zh-cn.php
[ info ] [ ROUTE ] array (
  'type' => 'module',
  'module' => 
  array (
    0 => 'errpage',
    1 => '400',
    2 => NULL,
  ),
)
[ info ] [ HEADER ] array (
  'host' => 'ztx.hfxyzq.cn',
  'x-real-ip' => '113.96.223.207',
  'connection' => 'close',
)
[ info ] [ PARAM ] array (
)
[ info ] [ LANG ] /www/web/ztx_hfxyzq_cn/public_html/public/../simplewind/cmf/lang/zh-cn.php
[ info ] [ LANG ] /www/web/ztx_hfxyzq_cn/public_html/public/../app/admin/lang/zh-cn/common.php
[ info ] [ LANG ] /www/web/ztx_hfxyzq_cn/public_html/public/../app/portal/lang/zh-cn/common.php
[ info ] [ BEHAVIOR ] Run cmf\behavior\LangBehavior @app_begin [ RunTime:0.000323s ]
[ info ] [ LOG ] INIT File
---------------------------------------------------------------
[ 2018-09-21T17:01:06+08:00 ] 113.96.223.207 GET /errpage/400.html
[ info ] ztx.hfxyzq.cn/errpage/400.html [运行时间：0.043956s][吞吐率：22.75req/s] [内存消耗：2,391.22kb] [文件加载：54]
[ info ] [ CACHE ] INIT File
[ info ] [ BEHAVIOR ] Run cmf\behavior\InitHookBehavior @app_init [ RunTime:0.001637s ]
[ info ] [ LANG ] /www/web/ztx_hfxyzq_cn/public_html/simplewind/thinkphp/lang/zh-cn.php
[ info ] [ ROUTE ] array (
  'type' => 'module',
  'module' => 
  array (
    0 => 'errpage',
    1 => '400',
    2 => NULL,
  ),
)
[ info ] [ HEADER ] array (
  'host' => 'ztx.hfxyzq.cn',
  'x-real-ip' => '113.96.223.207',
  'connection' => 'close',
)
[ info ] [ PARAM ] array (
)
[ info ] [ LANG ] /www/web/ztx_hfxyzq_cn/public_html/public/../simplewind/cmf/lang/zh-cn.php
[ info ] [ LANG ] /www/web/ztx_hfxyzq_cn/public_html/public/../app/admin/lang/zh-cn/common.php
[ info ] [ LANG ] /www/web/ztx_hfxyzq_cn/public_html/public/../app/portal/lang/zh-cn/common.php
[ info ] [ BEHAVIOR ] Run cmf\behavior\LangBehavior @app_begin [ RunTime:0.000347s ]
[ info ] [ LOG ] INIT File
